SG5/IWVLNMVbSpvrYgOh/LCduLG5s5chAn+P+LFubRqG9vfZct++ivwtzWGqHDEdyIu+Z7knGpXi/vNUTlY/mvMs8srLMKovV7Bt49dbS3llJ0NLC3unBg==
aTVLJsXqGnK62D4nkwrs3RHwceNAc3KpuDEXxJ2rN7XGfkhz0iuOF6vpTz6fdbfexhWLee4xBPPY79QfjiVspx8=
B86pz4U5Tmf2BD9RaJVLTswbgmMuVRSCG0kf/u+Vp97RNbs5PlH0c0hPZN/exRynbw==
Ecex0WhuCB8kt8X71x4FVfctNglVOD0TPI8UR9ypi1QRI7M1QvbE406zandPkbNOUz1zngVdR0nSCSDT/PfID4ItaKcb
9fR2vNJZK6KYpxWawNB0tfctNglVOD0TPIsWSdypi1QRI7M1QvbE406zandPkbNOUz1zngVdR0nSCSDT/PfID4ItaKcb
8rQl0/X5qRNGGxZ8Qj9SSR+zeuFcYXO7qSFU1IL+N/38O1Ij3jWEAqvpTz6fdbfewRWLee4xBPPY79QfjiVspx8=
ueLhh5xuxGE8nXWcqN8vfswbgmMuVRSCG0kf/u+Vp93RNbs5PlH0c0hPZN/exRynbw==
oWpZH9xv/X9iJ+Xn10AVpfctNglVOD0TPI8UR9ypi1QRI7M1QvbE406zandPkbNOUz1znQVdR0nSCSDT/PfID4ItaKcb
JeVy6as8PuiMziaaGREu3PctNglVOD0TPIsWSdypi1QRI7M1QvbE406zandPkbNOUz1znQVdR0nSCSDT/PfID4ItaKcb
EdvudTKjL9/1T0FkaxphoR+zeuFcYXO7qSFU1IL+N/38O1Ij3jWEAqvpTz6fdbfdwRWLee4xBPPY79QfjiVspx8=
Is4ng87gl8DCfGOKA+4aV82xuyTFyXIP97xfTlQHKy3gFlMmVSsprSgv39Tp+lXvYBaZ6AkVSqHv29xcB1RveEhkWkIZFkDxYKPwdw/Cm3WK5p/zw5jXhWSh3HYjBf4cMt6DXtswgn5T3G5IX429d28XK32N+/M/U1enIg==
B/kJpuTOmvd51LLBiHxHvRZq66/TFsEv1g6ODbsytelaErqigLg+vqMqQYS9yP3H8znnnifFP15NZXIZBmHcs+Df/D+WNWSnFw==
azT6hIY7vh7Kcz+YdJ7w6hZw7a/PDsAv1g6ODbsytelaErqigLg+vqMqQYS9yP3H8znnnifFP15NZXIZBmHcs+Df/D+WNWSnFw==
INjGq+gEAZK3a9iOddK6VRdw7a/PDsAv1g6ODbsytelaErqigLg+vqMqQYS9yP3H8znnnifFP15NZXIZBmHcs+Df/D+WNWSnFw==
mM/v3zx6zN41yQSY/Za7uaICD28adnpdb5oJScb6zlIUILI+L7LV9EmgYWdPkbNOUz1zngFdRknSCSDT/PfID4ItaKcb
/sm4Pzxctir8+3bFdHyqfqMCD28adnpdb5oJScb6zlIUILI+L7LV9EmgYWdPkbNOUz1zngFdRknSCSDT/PfID4ItaKcb
44rYsBAEMZ3wc3hoDZUANaACD28adnpdb5oJScb6zlIUILI+L7LV9EmgYWdPkbNOUz1zngFdRknSCSDT/PfID4ItaKcb
lsNCM6vppHLb7fqDf3fMRKECD28adnpdb5oJScb6zlIUILI+L7LV9EmgYWdPkbNOUz1zngFdRknSCSDT/PfID4ItaKcb
aqkkHFlY2J4/Kj9eI312x/ctNglVOD0TPIsWSdypi1QRI7M1QvbE406zandPkbNOUz1zngFdRknSCSDT/PfID4ItaKcb
9ILGs5lkmiTPj34jxp5WPvctNglVOD0TPI8UR9ypi1QRI7M1QvbE406zandPkbNOUz1zngFdRknSCSDT/PfID4ItaKcb
fMMuBKqu3E3rzdr9JJ1ozdG70I+EsA6KxURPr7Y22NeUzQh2D/EfrTqQ13IKqEeGztYDn2XxKx370+HZG4knbacc
7nqXRph+5gvWfN81Vo4o2jthThp2YmkyY/SSwrvIKscHqU0rZ+OLUXV/o8P7A6du
y1JltSbgRy2RVmgc5tZpds7RUkHLkaU+ij8oliEVVX1vSIfaqgD3PkptszfFWftFO4sxsfvh1xWnZA==
woJbGDFr6AwizxdqTJTUvo9d8kREad3BNHTEIZs7jcWZZlk5QbowmQzheJ2iQ54jgsfoyRqnaQ==
DkZETswWQLhG9cgUKh8cwAl+bz9ce25+TeGGoEQFOva3uedQLrXOPFEuKcXx5ApvievfN0sw48mJ2Sxxv2yiBHlox3oq4LceSk1zV0X5O2U7a3FRe0EXdacE
V7iHrluDCrDOX0jI4B4wSe/pyWoa0vzjXkxH56uSZuM6FjHAFdfp4g51mZXzFSMGN4PJF3DDR8oG/sn2S/iidgN06uMPhZ2//79rVZ0zU7cDf6cK
