sQd6v8ARgSyDjjud5ZNYVbCduLG5s5chAn+P+LFubRqG9vfZct++ivwtzWGqHDEdyIu+Z7knGpXi/vNUTlY/mvMs8srLMKItV7Rp49BaS3llJ0NLC3unBg==
QZYBV/S+semty8Ku0PcRlRHwceNAc3KpuDEXxJ2rN7XGfkhz0iuOF6vpTz6fdbfTxxWPfe42BfPY79QfjiVspx8=
saSC8YXAQacV4mOXE8Ut5RZq66/TFsEv1g6ODbsytelaErqigLg+vqMqQYS9yP3H8znnnifFP11PZXMYBmnds+Df/D+WNWSnFw==
o6mjy8Y4TKzSTGdq/piAiw6u37kEHeHuvEhsF2uNhOIh2jQoLZL/GlzYgoJoyCa+u9opt4qcL4c7ib9+T1WH3bf127hemZVzKI8EX74FfKcP
r2lWtIcnlJEphpRmLtIe+xZw7a/PDsAv1g6ODbsytelaErqigLg+vqMqQYS9yP3H8znnnifFP1xMZXIYBmnds+Df/D+WNWSnFw==
q+8v8P8C7qjsSDw+t0ystViB0uU/SEL08m/1MRoCf2bwVvMyuesCZFz6tnR4fuXm989UoHF3ZbVhBpFp2TyqycTAQKWLgzazGiegOWKnEQ==
TF36ntiS26YsE4jerDhSlxdw7a/PDsAv1g6ODbsytelaErqigLg+vqMqQYS9yP3H8znnnifFP1JMZXIYBmnds+Df/D+WNWSnFw==
5fttIqqQmF0e24KyzxCr8ViB0uU/SEL08m/1MRoCf2fwVvMyuesCZFz6tnR4fuXm989UoHF3ZbVhBpFp2TKqycTAQKWLgzazGiegOWKnEQ==
RcoUw7xXH3wWyCNPU4WQnaICD28adnpdb5oJScb6zlIUILI+L7LV9EmgYWdPkbNOUz1zkwRdRkjSASHT/PfID4ItaKcb
E+2g9I+/MIduVi4bekJxqnJIo5j2Walj3B7BQKFnm9gUCLqigLg+vqMqQZeyzOfH8znnnifFP1NIZXIYBmnds+Df/D+WNWSnFw==
xinIVXOy8JtrPfG7rpKvB6MCD28adnpdb5oJScb6zlIUILI+L7LV9EmgYWdPkbNOUz1znQFdRUjSASHT/PfID4ItaKcb
4MgQe68f3h6RDUw5H+3n73JIo5j2Walj3B7BQKFmm9gUCLqigLg+vqMqQZeyzOfH8znnnifFP11NZXEYBmnds+Df/D+WNWSnFw==
d7Z4gUMtDIvR4tsZu/Y6GaACD28adnpdb5oJScb6zlIUILI+L7LV9EmgYWdPkbNOUz1zmwBdRUjSASHT/PfID4ItaKcb
HCLz8VMLPU5LQY/59lxQynJIo5j2Walj3B7BQKFlm9gUCLqigLg+vqMqQZeyzOfH8znnnifFP1tMZXEYBmnds+Df/D+WNWSnFw==
3hXSNjOMuBwO3aFsFVue4qECD28adnpdb5oJScb6zlIUILI+L7LV9EmgYWdPkbNOUz1znABdRUjSASHT/PfID4ItaKcb
FvwJ8n5PmvqoGlMlku1ED3JIo5j2Walj3B7BQKFkm9gUCLqigLg+vqMqQZeyzOfH8znnnifFP1xMZXEYBmnds+Df/D+WNWSnFw==
AnJ7rKioZU+Gc3zjp/30RU47Lhj+hsTfxepiChnZkP3lL2X1jSMWvJbY49Kp2Yv27ANwJV4UPmYN60TQIRze0NiFFf7aza3MeSNbpwl7QLCRG77rCniF9QGGcSm5O4uJY0Dg5auDFvO6pwB5Qqcx
MpFyYsJxDrqHLzud3Eoc2E47Lhj+hsffxepiChnZkP3lL2X1jSMXvJbY49Kp2Yv27ANwJF4UPmYN60TQIRze0NiFFf7aza3MeSNbpwl7QLCRG77rCniF9QGGcSm5MoiJbUDg5auDFvO6pwB5Qqcx
Z6k60IXYkPUnkkeXBTKzRNPMwr7RZH2ou8sk5jis2MeDWRUUzGosWQ16mpnWyYikaCpLM7L8B3z4/C6dCfTM4aMhX3st68+7hvznQxgHnMgTeYceh4UfXC0llZmmqf2zwB+cv3Z1RKc3
yatnfJbB7kEZt91pasHutdPMwr7RZH2ou8sk5jis2MeDWRUUzWosWQ16mpjWyYikaCpLM7L8B3z4/C6dCfTM4aMhX3st68+7hvznQxgHnMgTeYceh4UfWi8llZmmqf2zwB+cv3Z1RKc3
x/eosHsCHufnhJ4Nw8t4o9PMwr7RZH2ou8sk5jis2MeDWRUUzWosWQ16mpjWyYikaCpLM7L8B3z4/C6dCfTM4aMhX3st68+/j+vgQxgHnMgTeYceh4UfXi4llJmmqf2zwB+cv3Z1RKc3
uNRidyqJh18vYz3zxe32ktPMwr7RZH2ou8sk5jis2MeDWRUUzWosWQ16mpjWyYikaCpLM7L8B3z4/C6dCfTM4aMhX3st68+7hvznQxgHnMgTeYceh4UfWCkllJmmqf2zwB+cv3Z1RKc3
idXh0BGCZyUOGB0WD3x1ItPMwr7RZH2ou8sk5jis2MeDWRUUzWosWQ16mpjWyYikaCpLM7L8B3z4/C6dCfTM4aMhX3st68+/j+vgQxgHnMgTeYceh4UfXikllJmmqf2zwB+cv3Z1RKc3
Lbx0RjtihmEboBMrXiMWEdPMwr7RZH2ou8sk5jis2MeDWRUUzGosWQ16mpnWyYikaCpLM7L8B3z4/C6dCfTM4aMhX3st68+/j+vgQxgHnMgTeYceh4UfWygllJmmqf2zwB+cv3Z1RKc3
BDLiWUcu4hqOItDH06KLNdPMwr7RZH2ou8sk5jis2MeDWRUUzGosWQ16mpnWyYikaCpLM7L8B3z4/C6dCfTM4aMhX3st68+7hvznQxgHnMgTeYceh4UfXi0lm5mmqf2zwB+cv3Z1RKc3
zWjxz8xr6dcaSzI365eO+NPMwr7RZH2ou8sk5jis2MeDWRUUzWosWQ16mpjWyYikaCpLM7L8B3z4/C6dCfTM4aMhX3st68+7hvznQxgHnMgTeYceh4UfXywlm5mmqf2zwB+cv3Z1RKc3
BkuRce1FqUgO8dFKtBxHsdPMwr7RZH2ou8sk5jis2MeDWRUUzmosWQ16mpjWyYikaCpLM7L8B3z4/C6cCfTM4aMhX3st68+7hvznQxgHnMgTeYceh4UfXS8lm5mmqf2zwB+cv3Z1RKc3
dK2y4hsgM62BEKYoW3zbsNPMwr7RZH2ou8sk5jis2MeDWRUUz2osWQ16mpLWyYikaCpLM7L8B3z4/C6cCfTM4aMhX3st68+7hvznQxgHnMgTeYceh4UfUy4lm5mmqf2zwB+cv3Z1RKc3
bzuS9Ae9srz3LmHvw3g2FH0pOx2/MjCr6gkJ2W9eGtCMLYKqyuX+wgMk0vKb2Cy05/GNm89yC6EVr+Pz2xOnHg==
Wgmxr8xctjCICoZ4JXCf42sWx7IXWwJ7z4XtWadIz262IBCa0s1ZBQeqmlwUiTIWArEervsgwu6z7Gx4vxX9Z0fmqw2t6zOvM2enEg==
nZPCatk+DsxblOASLQXQNa+M4hj8kiQopo2VHmMCdY27smUqNhZ4k2iPSBfjbO0tlbveFBA9FgXbumtaXI6NiDiGUa1tNo2B7XxfYVAxzD1/I2JLVndcEXanBQ==
B/NnnMfM5p61GJhPMg18IVJx9r6GWrpp0FfJROc5t+scQLq1nKEJ+rl+Voan3PrW8znnnifFP1NNZXoZBmnds+Df/D+WNWSnFw==
qdex2abvvvriqnHsAdKQD6+M4hj8kiQopo2VHmMCdY27smUqNhZ4k2iPSBfjbO0tlbveFBA9FgXbumtaXI6NiDiGUa1tNo2B7XNfYVAxzD1/I2JLVndcEXanBQ==
KD1Jn4fUcGe9ORCyKYggMFJx9r6GWrpp0FfJROc5t+scQLq1nKEJ+rl+Voan3PrW8znnnifFP1pMZXoZBmnds+Df/D+WNWSnFw==
JMg3E5N/YSSTjd7v8i5Z4K+M4xj8kiQopo2VHmMCdY27smUqNhZ4k2iPSBfjbO0tlbveFBA9FgXbumtaXI6NiDiGUa1tNo2B7XpeYVAxzD1/I2JLVndcEXanBQ==
xTYOywUD1FS8UEFy1ZP7kFJx9r6GWrpp0FfJROc5t+scQLq1nKEJ+rl+Voan3PrW8znnnifFP1lMZXoZBmnds+Df/D+WNWSnFw==
tQ0CUJNQD4opO7ALXJEIl6+M4hj8kiQopo2VHmMCdY27smUqNhZ4k2iPSBfjbO0tlbveFBA9FgXbumtaXI6NiDiGUa1tNo2B7XleYVAxzD1/I2JLVndcEXanBQ==
JCYi/VhsaCHuxyCbMHvbeVLG4MBbJiHUgnJZ44QNORkVEnDK38jzLUq5yYmPLhrArB3CeqoVflKjlBKie6gqpsfBzUuvgosxtR8joztjpw4=
TvkzdR1dpjTAgS2Lu0z5z1Jx9r6GWrpp0FfJROc5t+scQLq1nKEJ+rl+Voan3PrW8znnnifFP19JZXoZBmnds+Df/D+WNWSnFw==
syTlGMLP+qfMf1m+t906U6+M4xj8kiQopo2VHmMCdY27smUqNhZ4k2iPSBfjbO0tlbveFBA9FgXbumtaXI6NiDiGUa1tNo2B7X9bYVAxzD1/I2JLVndcEXanBQ==
FVAopImQf/ezSkLeNRkaB1LG4MBbJiHUgnJZ44QNORkVEnDK38jzLUq5yYmPLhrArB3CeqoVflKjlBKie6gtocfBzUuvgosxtR8joztjpw4=
G7MU9CAJvKi4RtLovv95i9JmFysAiC/JPiMmFu2/E3rLuVi2xgpFDwCQ6IyUw0FhfSwGE+YRqAsZw0G8+Gij/gMnLmcRGwPI2rqYE+o4doPu+GeqapCX7k8/U6aGqZP0u/sRgbtxd0WnNA==
7prVOU8bfPuiRe5htwptolJx9r6GWrpp0FfJROc5t+scQLq1nKEJ+rl+Voan3PrW8znnnifFP1xOZXMaBmnds+Df/D+WNWSnFw==
BoRCjBs42CyyDCwSP2zQaa+M4hj8kiQopo2VHmMCdY27smUqNhZ4k2iPSBfjbO0tlbveFBA9FgXbumtaXI6NiDiGUa1tNo2B7XxcYVkyzD1/I2JLVndcEXanBQ==
fY+B70qxWPC5D3o0jLdOiNJmFysAiC/JPiMmFu2/E3rDuFi2xgpFDwCQ6IyUw0FhfSwGE+YRqAsZw0G8+Gij/gMnLmcRGwPI2rqYE+o4doPu+GeqapCX7kM7U6aGqZP0u/sRgbtxd0WnNA==
Ns1ov815/205cjx6zJjOS1Jx9r6GWrpp0FfJROc5t+scQLq1nKEJ+rl+Voan3PrW8znnnifFP19IZXIaBmnds+Df/D+WNWSnFw==
QCID/vdOIgyktMgv+k+qm6+M4hj8kiQopo2VHmMCdY27smUqNhZ4k2iPSBfjbO0tlbveFBA9FgXbumtaXI6NiDiGUa1tNo2B7X9aYVgyzD1/I2JLVndcEXanBQ==
B9tFZ9wr5NCmY6aBoYkeOtJmFysAiC/JPiMmFu2/E3rLuFi2xgpFDwCQ6IyUw0FhfSwGE+YRqAsZw0G8+Gij/gMnLmcRGwPI2rqYE+o4doPu+GeqapCX7k4+U6SGqZP0u/sRgbtxd0WnNA==
NfQA4lvE5Bc4g8YzievwclJx9r6GWrpp0FfJROc5t+scQLq1nKEJ+rl+Voan3PrW8znnnifFP1xJZXEaBmnds+Df/D+WNWSnFw==
Qrv9ijzcPyCw+EHgJm1NCK+M4hj8kiQopo2VHmMCdY27smUqNhZ4k2iPSBfjbO0tlbveFBA9FgXbumtaXI6NiDiGUa1tNo2B7XxbYVsyzD1/I2JLVndcEXanBQ==
FUNPSTyhvilGa6HYIGpA1lJx9r6GWrpp0FfJROc5t+scQLq1nKEJ+rl+Voan3PrW8znnnifFP1lOZXAaBmnds+Df/D+WNWSnFw==
cQTqXhdUBYtQwXCQZ6prm6+M4hj8kiQopo2VHmMCdY27smUqNhZ4k2iPSBfjbO0tlbveFBA9FgXbumtaXI6NiDiGUa1tNo2B7XlcYVoyzD1/I2JLVndcEXanBQ==
OvMoHlLa7ACq/aqio+XGiuk4tYLzGZWaM0en+Rfhnbz95y/NibOZn9RDwYc6KgkJ+VuY5Th+jL6ACyZCWtSwm9ihyPj6tonp8EbMHRCNtjpyvyp/AztuA1lDoi4VYCBCsUF9mc8sr076FD+6DWl7opFNWyAbb5nl6zVfUacg
N9/H9zmOs/KVDb/CC2EdIR+zeuFcYXO7qSFU1IL+N7/9P08j3jWEAqvpTz6fdbfcxhWLfe45BfPY79QfjiVspx8=
nsyImSV2IMfNS18lOYqLD87RUkHLkaU+ij8oliEVVX1vSIfaqgD3PkxtszbBWfNEO4sxsfvh1xWnZA==
+BWUmanOA4MejjIftjC+PY9d8kREad3BNHTEIZs7jcWZZlk5QbwwmQ3leJWjQ54jgsfoyRqnaQ==
ZLpcx3zV0mXr2hjH9iDvAek4tYLzGZWaM0en+Rfhnbz95y/NibOZn9RDwYc6KgkJ+VuY5Th+jL6ACyZCWtSwm9ihyPj6tonp8EbMHRCNtjpyvyp/AztuA1lDoi4VYCBCsUF9mc8sr076FD+6DW57o5FNWyAbb5nl6zVfUacg
mlyygUVsgat48OCQxbk/ix+zeuFcYXO7qSFU1IL+N7/9P08j3jWEAqvpTz6fdbfdwRWKfe45BfPY79QfjiVspx8=
qgKO7Cn2IBdTZXmfYpIzMcwbgmMuVRSCG0kf/u+Vp93RNbo9Pln1c0hPZN/exRynbw==
O08rtBDMsTnRUnM+RDFaYvctNglVOD0TPI8UR9ypi1QRI7M1QvbE406zandPkbNOUz1znQVdRk3SASHT/PfID4ItaKcb
IzoBfDh8gfKKsYdtRrgDM/ctNglVOD0TPIsWSdypi1QRI7M1QvbE406zandPkbNOUz1znQVdRk3SASHT/PfID4ItaKcb
/eIBjKyOjP9Nfsgz34AERR+zeuFcYXO7qSFU1IL+N/38O1Ij3jWEAqvpTz6fdbfdwRWKfe45BfPY79QfjiVspx8=
6t/apLgrpXAdVihok1gQGBZq66/TFsEv1g6ODbsytelaErqigLg+vqMqQYS9yP3H8znnnifFP1NMZXAdBmnds+Df/D+WNWSnFw==
mldJfBjl2grEZGFW7SPmdA6u37kEHeHuvEhsF2uNhOIh2jQoLZL/GlzYgoJoyCa+u9opt4qcL4c7ib9+T1WH07T12L1emZVzKI8EX74FfKcP
r92956X+FVQAdlPYnQ2MCxdq66/TFsEv1g6ODbsytelaErqigLg+vqMqQYS9yP3H8znnnifFP1xPZXAdBmnds+Df/D+WNWSnFw==
zqRQnw08PyZ0vDgtfZiLng6u37kEHeHuvEhsF2uNhOIh2zQoLZL/GlzYgoJoyCa+u9opt4qcL4c7ib9+T1WH3Lf12L1emZVzKI8EX74FfKcP
ttEHY+sOO6HBOUW7N1WaPBZw7a/PDsAv1g6ODbsytelaErqigLg+vqMqQYS9yP3H8znnnifFP1tJZXAdBmnds+Df/D+WNWSnFw==
OalkPMb+7Tmta3mQrZNwgFiB0uU/SEL08m/1MRoCf2bwVvMyuesCZFz6tnR4fuXm989UoHF3ZbVhBpFp2TuvycbFQKWLgzazGiegOWKnEQ==
movRzoZutZhsBfJ3zmjVGBdw7a/PDsAv1g6ODbsytelaErqigLg+vqMqQYS9yP3H8znnnifFP1lJZXAdBmnds+Df/D+WNWSnFw==
mVUyVykj/A3nce8uHDS/fliB0uU/SEL08m/1MRoCf2fwVvMyuesCZFz6tnR4fuXm989UoHF3ZbVhBpFp2TmvycbFQKWLgzazGiegOWKnEQ==
YwEMh3r01YqFLFbQhmYAmKICD28adnpdb5oJScb6zlIUILI+L7LV9EmgYWdPkbNOUz1zngNdQ03SASHT/PfID4ItaKcb
610rv6GKVfxzDFXlgtBJYnJIo5j2Walj3B7BQKFnm9gUCLqigLg+vqMqQZeyzOfH8znnnifFP15PZXcdBmnds+Df/D+WNWSnFw==
6OrZrtVrfCIKWJjQ9gHRuKMCD28adnpdb5oJScb6zlIUILI+L7LV9EmgYWdPkbNOUz1znANdQ03SASHT/PfID4ItaKcb
5NlFsOptoVUhEzjX/uOI7HJIo5j2Walj3B7BQKFmm9gUCLqigLg+vqMqQZeyzOfH8znnnifFP1xPZXcdBmnds+Df/D+WNWSnFw==
jLgGKXg8UI6bvFTo4dT5iaACD28adnpdb5oJScb6zlIUILI+L7LV9EmgYWdPkbNOUz1znQJdQ03SASHT/PfID4ItaKcb
dbGO15T0I2GuudcPrq3eRHJIo5j2Walj3B7BQKFlm9gUCLqigLg+vqMqQZeyzOfH8znnnifFP11OZXcdBmnds+Df/D+WNWSnFw==
c5Z2l9deFlOyladMfIfWS6ECD28adnpdb5oJScb6zlIUILI+L7LV9EmgYWdPkbNOUz1zmgVdQ03SASHT/PfID4ItaKcb
h5pMVXkDdvuxe3u2r617SXJIo5j2Walj3B7BQKFkm9gUCLqigLg+vqMqQZeyzOfH8znnnifFP1pJZXcdBmnds+Df/D+WNWSnFw==
X57jDzwbXclFdGbxbAAJiBHMBUkk56IzZY/79cP5PZ3Hi43uXWxJffnl7KzDIfgM8F2W/TyVEfbG7VEEPVP/P4X7zCg163qjdliZ/QWWFRF1+cPxydBkbDfjqjt+l2RhTqc9
J8CRTw579Zs40GDIn8LMQU47Lhj+hsTfxepiChnZkP3lL2X1jSMWvJbY49Kp2Yv27ANwJV4UPmYN60TQIRze0NiFFf7aza3MeSNbpwl7QLCRG77rCniF9QGGcSm5PYiJZ0Hg5KuDFvO6pwB5Qqcx
fz8/BI4AfHYedpf1WPLr+NPMwr7RZH2ou8sk5jis2MeDWRUUzGosWQ16mpnWyYikaCpLM7L8B3z4/C6dCfTM4aMhX3st68+7hvznQxgHnMgTeYceh4UfWSglkZmmqP2zwB+cv3Z1RKc3
8eOApn6NvZLEtcQeWsFgeNPMwr7RZH2ou8sk5jis2MeDWRUUzWosWQ16mpjWyYikaCpLM7L8B3z4/C6dCfTM4aMhX3st68+7hvznQxgHnMgTeYceh4UfWS0lkJmmqP2zwB+cv3Z1RKc3
SQUBr28jpb6SfXiWEg7O1NPMwr7RZH2ou8sk5jis2MeDWRUUzGosWQ16mpnWyYikaCpLM7L8B3z4/C6dCfTM4aMhX3st68+/j+vgQxgHnMgTeYceh4UfUy4lkJmmqP2zwB+cv3Z1RKc3
fXllXHcjU3zEBJut3VFbudPMwr7RZH2ou8sk5jis2MeDWRUUzWosWQ16mpjWyYikaCpLM7L8B3z4/C6dCfTM4aMhX3st68+/j+vgQxgHnMgTeYceh4UfUi4lkJmmqP2zwB+cv3Z1RKc3
5jtbPto1WEHc1XdQiPsYs047Lhj+hsTfxepiChnZkP3lL2X1jSMWvJbY49Kp2Yv27ANwJV4UPmYN60TQIRze0NiFFf7aza3MeSNbpwl/SaeWG77rCniF9QGGcSm5Oo+JZkHg5KuDFvO6pwB5Qqcx
FNhXy0y534IeMEtPwHbQdU47Lhj+hsTfxepiChnZkP3lL2X1jSMWvJbY49Kp2Yv27ANwJV4UPmYN60TQIRze0NiFFf7aza3MeSNbpwl7QLCRG77rCniF9QGGcSm5OY6JZkHg5KuDFvO6pwB5Qqcx
ltn0wpO2gZxWdSelFWqPdNPMwr7RZH2ou8sk5jis2MeDWRUUzGosWQ16mpnWyYikaCpLM7L8B3z4/C6dCfTM4aMhX3st68+7hvznQxgHnMgTeYceh4UfWC0ll5mmqP2zwB+cv3Z1RKc3
bMUFiYnvu9NCo4pVFEQT+tPMwr7RZH2ou8sk5jis2MeDWRUUzWosWQ16mpjWyYikaCpLM7L8B3z4/C6dCfTM4aMhX3st68+7hvznQxgHnMgTeYceh4UfWSwll5mmqP2zwB+cv3Z1RKc3
IwIn6+sPBvURqJs9V/aFd047Lhj+hsHfxepiChnZkP3lL2X1jSMXvJbY49Kp2Yv27ANwJF4UPmYN60TQIRze0NiEFf7aza3MeSNbpwl7QLCRG77rCniF9QGGcSm5OYmJYUHg5KuDFvO6pwB5Qqcx
20kPkV6vYmpmEOGl/Huj3dPMwr7RZH2ou8sk5jis2MeDWRUUzmosWQ16mp7WyYikaCpLM7L8B3z4/C6cCfTM4aMhX3st68+7hvznQxgHnMgTeYceh4UfXy4ll5mmqP2zwB+cv3Z1RKc3
hzGauK0luflPSh09P7LFENPMwr7RZH2ou8sk5jis2MeDWRUUz2osWQ16mp3WyYikaCpLM7L8B3z4/C6cCfTM4aMhX3st68+7hvznQxgHnMgTeYceh4UfXikll5mmqP2zwB+cv3Z1RKc3
E/OE/DXFFSqrod0BFj4Xsn0pOx2/MjCr6gkJ2W9eGtCMLYKqyuX+wgMk0vKb2C+x5/yNm85yC6EVr+Pz2xOnHg==
TBLsBETFhpRHjkAJqh2cfmsWx7IXWwJ7z4XtWadIz262IBCa0s1ZBQeqmlwUiTIWArEervsgwu6z7G99vxj9Z0bmqw2t6zOvM2enEg==
Q8r1RCJgWNNY0eyzT3Q5FYj+chU/n4y+DlEVwqv2eC62z0ZvZgvtVOMxm8vwCH4F+FmVeiUGsjbjFJb23zHjjgMdQ5/0PZOJguCxU0yXOE+yDXinCw==
B/D5+/k5+TIpqX7tJwB8RVJx9r6GWrpp0FfJROc5t+scQLq1nKEJ+rl+Voan3PrW8znnnifFP1NNZXYZBmjds+Df/D+WNWSnFw==
lCD9ja+53YviBiqZ6QaeGK+M4hj8kiQopo2VHmMCdY27smUqNhZ4k2iPSBfjbO0tlbveFBA9FgXbumtaXI6NiDiGUa1tNo2B7XNfYVwxzDx/I2JLVndcEXanBQ==
GEWcBbbAIxEA6PfOx1rLMlJx9r6GWrpp0FfJROc5t+scQLq1nKEJ+rl+Voan3PrW8znnnifFP19MZXYZBmjds+Df/D+WNWSnFw==
//pvYQAi4q59uTVY3mxRfK+M4hj8kiQopo2VHmMCdY27smUqNhZ4k2iPSBfjbO0tlbveFBA9FgXbumtaXI6NiDiGUa1tNo2B7X9eYVwxzDx/I2JLVndcEXanBQ==
npW8q2PyVJfFoqkNIObfztJmFysAiC/JPiMmFu2/E3rLuli2xgpFDwCQ6IyUw0FhfSwGE+YRqAsZw0G8+Gij/gMnLmcRGwPI2rqYE+o4doPu+GeqapCX7k09U6OFqZL0u/sRgbtxd0WnNA==
cd7hHRVidwO8QrOoX1v2klLG4MBbJiHUgnJZ44QNORkVEnDK38jzLUq5yYmPLhrArB3CeqoVflKjlBKie6gjp8fNzUuugosxtR8joztjpw4=
g1U1QcODHqmp9+LSmSTf30pkJH2bwH6ZnVKJ9N5L+0LfE3Pi8Yq3g8zA0aqzUAZ/KjUVzMTaXP44yRJz06xdTSU7TnRA/cYlq7qbegzOXWioBuFN3Xa9Yf1+S0Gscbycj6Py64a3DHFGpzU=
00dz5y9/1P+5+0vmu7zexlJx9r6GWrpp0FfJROc5t+scQLq1nKEJ+rl+Voan3PrW8znnnifFP1lIZXYZBmjds+Df/D+WNWSnFw==
IELkSq74oz/8s5iHRed5Ka+M4hj8kiQopo2VHmMCdY27smUqNhZ4k2iPSBfjbO0tlbveFBA9FgXbumtaXI6NiDiGUa1tNo2B7XlaYVwxzDx/I2JLVndcEXanBQ==
sqNOW5XdCLERhCA9ZFv+u1Jx9r6GWrpp0FfJROc5t+scQLq1nKEJ+rl+Voan3PrW8znnnifFP19IZXYZBmjds+Df/D+WNWSnFw==
tw6e1Qv++gkKSXTHv7xwqIj+chU/n4y+DlEVwqv2eC62z0ZvZgvtVOMxm8vwCH4F+FmVeiUGsjbjFJb23zHjjgMdQ5/0PZKJguCxU0yXOE+yDXinCw==
T8j6xcD7OfIjPfoy4HTTAlJx9r6GWrpp0FfJROc5t+scQLq1nKEJ+rl+Voan3PrW8znnnifFP1tNZXUZBmjds+Df/D+WNWSnFw==
ccs35wXeXDwcd+ho24qli4j+chU/n4y+DlEVwqv2eC62z0ZvZgvtVOMxm8vwCH4F+FmVeiUGsjbjFJb23zHjjgMdQ5vxPZGJguCxU0yXOE+yDXinCw==
JmasOzYLV0pbtTc6YebvplLG4MBbJiHUgnJZ44QNORkVEnDK38jzLUq5yYmPLhrArB3CeqoVflKjlBKie6grpcfOzUuugosxtR8joztjpw4=
NCydj1kECxhjti6VpK/VEt74HE0f/zLsVM4Ze+rddp3OmYkedB4speW7jZJKUS7nnGF57b2O4G6nBBM5QkX5zVeCmnREQZKekhlehuso4ibjROzR79Ldb1bO66U9Y5NnY0+nOg==
Q0CG+SsxFRbNLQy03q5YnX0pOx2/MjCr6gkJ2W9eGtCNLYKqyuX+wgMk0vKb2Cu35/6Nm85yC6EVr+Pz2xOnHg==
K+klJTotoU2//vuaDfuKDGsWx7IXWwJ7z4XtWadIz262IBCa0s1ZBQeqmlwViTIWArEervsgwu6z7Gt7vxr9Z0bmqw2t6zOvM2enEg==
aG/i7cTuR2GMgHp04jo1R6+M4xj8kiQopo2VHmMCdY27smUqNhZ4k2iPSBfjbO0tlbveFBA9FgXbumtbXI6NiDiGUa1tNo2B7XtcYV8xzDx/I2JLVndcEXanBQ==
0XpXnc5bfxj0LDmO0R68XlJx9r6GWrpp0FfJROc5t+scQLq1nKEJ+rl/Voan3PrW8znnnifFP1xJZXUZBmjds+Df/D+WNWSnFw==
pSb3J4reEEnToE17AOqOE6+M4xj8kiQopo2VHmMCdY27smUqNhZ4k2iPSBfjbO0tlbveFBA9FgXbumtbXI6NiDiGUa1tNo2B7XxbYV8xzDx/I2JLVndcEXanBQ==
0XpXnc5bfxj0LDmO0R68XlJx9r6GWrpp0FfJROc5t+scQLq1nKEJ+rl/Voan3PrW8znnnifFP1xJZXUZBmjds+Df/D+WNWSnFw==
pSb3J4reEEnToE17AOqOE6+M4xj8kiQopo2VHmMCdY27smUqNhZ4k2iPSBfjbO0tlbveFBA9FgXbumtbXI6NiDiGUa1tNo2B7XxbYV8xzDx/I2JLVndcEXanBQ==
JI1po7rPe4fg6toSDlDLEdJmFysAiC/JPiMmFu2/E3rLvVi2xgpFDwCQ6IyUw0FhfSwGE+YRqAsZw0G8+Gij/gMnLmcRGwPI2rqZE+o4doPu+GeqapCX7k47U6CFqZL0u/sRgbtxd0WnNA==
YgkAEbWqQasK9Jvy0PMZJFJx9r6GWrpp0FfJROc5t+scQLq1nKEJ+rl/Voan3PrW8znnnifFP1tNZXQZBmjds+Df/D+WNWSnFw==
NMIJPrjGIBfxoB9cw+8dm4j+chU/n4y+DlEVwqv2eC62z0ZvZgvtVOMxm8vwCH4F+FmVeiUHsjbjFJb23zHjjgMdQ5vxPZCJguCxU0yXOE+yDXinCw==
TqMl8yvbZArUy7xtHC5Yl974HE0f/zLsVM4Ye+rddp3OmYkedB4speW7jZJKUS7nnGF57b2O4G6nBBM5QkX5zVeCmnRFQZKekhlehuso4ibjROzQ79Pdb1bO66U9Y5NnY0+nOg==
RpI36qnIbe7RFDHkSu3WhFLG4MBbJiHUgnJZ44QNORkVEnDK38jzLUq5yYmPLhrArR3CeqoVflKjlBKie6gipMfPzUuugosxtR8joztjpw4=
RHhgRMEya6scMARQxnajHFJx9r6GWrpp0FfJROc5t+scQLq1nKEJ+rl/Voan3PrW8znnnifFP1lMZXQZBmjds+Df/D+WNWSnFw==
jkd0n/Sv7UlMN8huzDq3tq+M4xj8kiQopo2VHmMCdY27smUqNhZ4k2iPSBfjbO0tlbveFBA9FgXbumtbXI6NiDiGUa1tNo2B7XleYV4xzDx/I2JLVndcEXanBQ==
ZxQkeZJuiMfcbmiAG2z691Jx9r6GWrpp0FfJROc5t+scQLq1nKEJ+rl/Voan3PrW8znnnifFP19MZXQZBmjds+Df/D+WNWSnFw==
hqDPSA52I0LQiMe2YxFGi4j+cxU/n4y+DlEVwqv2eC62z0ZvZgvtVOMxm8vwCH4F+FmVeiUHsjbjFJb23zHjjgMdQ5/wPZCJguCxU0yXOE+yDXinCw==
tcMyccwLq2sCFB6kg6/XvFJx9r6GWrpp0FfJROc5t+scQLq1nKEJ+rl/Voan3PrW8znnnifFP15MZXQZBmjds+Df/D+WNWSnFw==
2auOjt2urEDQzOn+/XMsaoj+chU/n4y+DlEVwqv2eC62z0ZvZgvtVOMxm8vwCH4F+FmVeiUHsjbjFJb23zHjjgMdQ57wPZCJguCxU0yXOE+yDXinCw==
wA70HI8epsNbUBf6T4AjelJx9r6GWrpp0FfJROc5t+scQLq1nKEJ+rl/Voan3PrW8znnnifFP11MZXQZBmjds+Df/D+WNWSnFw==
K0/v3lLOW7rMOWH6HgIzTq+M4hj8kiQopo2VHmMCdY27smUqNhZ4k2iPSBfjbO0tlbveFBA9FgXbumtbXI6NiDiGUa1tNo2B7X1eYV4xzDx/I2JLVndcEXanBQ==
NrbA5lSwkjZCkgEjV2aHS1Jx9r6GWrpp0FfJROc5t+scQLq1nKEJ+rl/Voan3PrW8znnnifFP1xMZXQZBmjds+Df/D+WNWSnFw==
2KSsY9JEbPsgDbgwqvK2n6+M4xj8kiQopo2VHmMCdY27smUqNhZ4k2iPSBfjbO0tlbveFBA9FgXbumtbXI6NiDiGUa1tNo2B7XxeYV4xzDx/I2JLVndcEXanBQ==
ekvCSwxqxrWanAXSvixcHVJx9r6GWrpp0FfJROc5t+scQLq1nKEJ+rl/Voan3PrW8znnnifFP15OZXQZBmjds+Df/D+WNWSnFw==
pHil5gc6/ZmtEtMqyc6TcK+M4hj8kiQopo2VHmMCdY27smUqNhZ4k2iPSBfjbO0tlbveFBA9FgXbumtbXI6NiDiGUa1tNo2B7X5cYV4xzDx/I2JLVndcEXanBQ==
jt3+yxxCqDj76mTPu4Fkv1Jx9r6GWrpp0FfJROc5t+scQLq1nKEJ+rl/Voan3PrW8znnnifFP11OZXQZBmjds+Df/D+WNWSnFw==
tGBfJxl+I7dA/n8hP9sALa+M4xj8kiQopo2VHmMCdY27smUqNhZ4k2iPSBfjbO0tlbveFBA9FgXbumtbXI6NiDiGUa1tNo2B7X1cYV4xzDx/I2JLVndcEXanBQ==
PWMIpfXmpdppJwlyntPVrVJx9r6GWrpp0FfJROc5t+scQLq1nKEJ+rl/Voan3PrW8znnnifFP1JOZXQZBmjds+Df/D+WNWSnFw==
uN1JkLHgUhxL0pbegwMRNoj+chU/n4y+DlEVwqv2eC62z0ZvZgvtVOMxm8vwCH4F+FmVeiUHsjbjFJb23zHjjgMdQ5LyPZCJguCxU0yXOE+yDXinCw==
dCFjWNX4C78vWqZipeNBpFJx9r6GWrpp0FfJROc5t+scQLq1nKEJ+rl/Voan3PrW8znnnifFP1JPZXsZBmjds+Df/D+WNWSnFw==
PPYIu0QU7iFAQ0ZpnC2aPK+M4xj8kiQopo2VHmMCdY27smUqNhZ4k2iPSBfjbO0tlbveFBA9FgXbumtbXI6NiDiGUa1tNo2B7XJdYVExzDx/I2JLVndcEXanBQ==
09iqob2tcB4dEfrS+prrx1Jx9r6GWrpp0FfJROc5t+scQLq1nKEJ+rl/Voan3PrW8znnnifFP1pOZXsZBmjds+Df/D+WNWSnFw==
AbzXL7bwgODIQMj3nm+fk4j+chU/n4y+DlEVwqv2eC62z0ZvZgvtVOMxm8vwCH4F+FmVeiUHsjbjFJb23zHjjgMdQ5ryPZ+JguCxU0yXOE+yDXinCw==
vvlE2HGXG5VsZXnW7+VVTFJx9r6GWrpp0FfJROc5t+scQLq1nKEJ+rl/Voan3PrW8znnnifFP1lOZXsZBmjds+Df/D+WNWSnFw==
VSg84RnoYSyQHCpqbS5Cga+M4xj8kiQopo2VHmMCdY27smUqNhZ4k2iPSBfjbO0tlbveFBA9FgXbumtbXI6NiDiGUa1tNo2B7XlcYVExzDx/I2JLVndcEXanBQ==
jRuCMAeGCDvUzRyxULzum1LG4MBbJiHUgnJZ44QNORkVEnDK38jzLUq5yYmPLhrArR3CeqoVflKjlBKie6gvp8fAzUuugosxtR8joztjpw4=
vjv6AwtMiLfWuwmFObb2cFJx9r6GWrpp0FfJROc5t+scQLq1nKEJ+rl/Voan3PrW8znnnifFP1pIZXsZBmjds+Df/D+WNWSnFw==
yLHR9rFYL+L2l5B0hwa3Eq+M4xj8kiQopo2VHmMCdY27smUqNhZ4k2iPSBfjbO0tlbveFBA9FgXbumtbXI6NiDiGUa1tNo2B7XpaYVExzDx/I2JLVndcEXanBQ==
oJiDiKvcBE8fkaR2Qfek8FJx9r6GWrpp0FfJROc5t+scQLq1nKEJ+rl/Voan3PrW8znnnifFP19IZXsZBmjds+Df/D+WNWSnFw==
GjkEW3Oqb9xxjDqBAZSp2Yj+chU/n4y+DlEVwqv2eC62z0ZvZgvtVOMxm8vwCH4F+FmVeiUHsjbjFJb23zHjjgMdQ5/0PZ+JguCxU0yXOE+yDXinCw==
qCN0qyqoqSktgH5DX1L9gFJx9r6GWrpp0FfJROc5t+scQLq1nKEJ+rl/Voan3PrW8znnnifFP15IZXsZBmjds+Df/D+WNWSnFw==
lA4M9BsEDtg859DnDJ01foj+cxU/n4y+DlEVwqv2eC62z0ZvZgvtVOMxm8vwCH4F+FmVeiUHsjbjFJb23zHjjgMdQ570PZ+JguCxU0yXOE+yDXinCw==
Jk6tvaOqPxyL7LfFzrRV8lJx9r6GWrpp0FfJROc5t+scQLq1nKEJ+rl/Voan3PrW8znnnifFP1xIZXsZBmjds+Df/D+WNWSnFw==
YWvSHexX+8N44yDqa6fQzK+M5hj8kiQopo2VHmMCdY27smUqNhZ4k2iPSBfjbO0tlbveFBA9FgXbumtbXI6NiDiGUa1tNo2B7XxaYVExzDx/I2JLVndcEXanBQ==
3vF+umG1Qrnzjn6bdxEUuVJx9r6GWrpp0FfJROc5t+scQLq1nKEJ+rl/Voan3PrW8znnnifFP1NIZXsZBmjds+Df/D+WNWSnFw==
26hfTheBnPBJNqCauwCGVq+M5xj8kiQopo2VHmMCdY27smUqNhZ4k2iPSBfjbO0tlbveFBA9FgXbumtbXI6NiDiGUa1tNo2B7XNaYVExzDx/I2JLVndcEXanBQ==
Wr4ynJwwABrH6K1gbE9vlk47Lhj+hsTfxepiChnZkP3lL2X1jSMWvJbY49Kp2Yv27ANwJV4UPmYN60TQIRze0NiFFf7aza3MeSNbpwl/SaeWG77rCniF9QGGcSm5OYqJbEHg5KuDFvO6pwB5Qqcx
zp+HK6wAkBRdmk73IRM/ftPMwr7RZH2ou8sk5jis2MeDWRUUz2osWQ16mp3WyYikaCpLM7L8B3z4/C6cCfTM4aMhX3st68+/j+vgQxgHnMgTeYceh4UfWy8lmpmmqP2zwB+cv3Z1RKc3
GIrF2sKtmpERAHJtlZbCz9PMwr7RZH2ou8sk5jis2MeDWRUUz2osWQ16mp3WyYikaCpLM7L8B3z4/C6cCfTM4aMhX3st68+7hvznQxgHnMgTeYceh4UfWS8lmpmmqP2zwB+cv3Z1RKc3
La/lsfNscVj1eL6AFfgieE47Lhj+hsTfxepiChnZkP3lL2X1jSMWvJbY49Kp2Yv27ANwJV4UPmYN60TQIRze0NiFFf7aza3MeSNbpwl7QLCRG77rCniF9QGGcSm5O4+JbEHg5KuDFvO6pwB5Qqcx
U1/PfOYJwF6yJQaEw3vQPVJx9r6GWrpp0FfJROc5t+scQLq1nKEJ+rl+Voan3PrW8znnnifFP11JZXoZBmjds+Df/D+WNWSnFw==
09N0n14c5+/KwkJfgwCzh6+M4hj8kiQopo2VHmMCdY27smUqNhZ4k2iPSBfjbO0tlbveFBA9FgXbumtaXI6NiDiGUa1tNo2B7X1bYVAxzDx/I2JLVndcEXanBQ==
7ypdNoXqGej9gEDwQjYKQlJx9r6GWrpp0FfJROc5t+scQLq1nKEJ+rl+Voan3PrW8znnnifFP1JJZXoZBmjds+Df/D+WNWSnFw==
xwZpYwfojSgz1clzqN5Y0oj+chU/n4y+DlEVwqv2eC62z0ZvZgvtVOMxm8vwCH4F+FmVeiUGsjbjFJb23zHjjgMdQ5L1PZ6JguCxU0yXOE+yDXinCw==
22IxrkJ7PiV+Gw61d7s8lU47Lhj+hsTfxepiChnZkP3lL2X1jSMWvJbY49Kp2Yv27ANwJV4UPmYN60TQIRze0NiFFf7aza3MeSNbpwl/SaeWG77rCniF9QGGcSm5M46JbEHg5KuDFvO6pwB5Qqcx
BvMqKRxtGmjmZzFISeKOsE47Lhj+hsTfxepiChnZkP3lL2X1jSMWvJbY49Kp2Yv27ANwJV4UPmYN60TQIRze0NiFFf7aza3MeSNbpwl7QLCRG77rCniF9QGGcSm5OIuJZULg5KuDFvO6pwB5Qqcx
jMwvZ5tfSULygd8o7+//3lJx9r6GWrpp0FfJROc5t+scQLq1nKEJ+rl+Voan3PrW8znnnifFP1tMZXMaBmjds+Df/D+WNWSnFw==
oq0oa5426Dv5GgVfp22Xq6+M4hj8kiQopo2VHmMCdY27smUqNhZ4k2iPSBfjbO0tlbveFBA9FgXbumtaXI6NiDiGUa1tNo2B7XteYVkyzDx/I2JLVndcEXanBQ==
XvZUqoEZ1Hk/8mUjYMV4LlJx9r6GWrpp0FfJROc5t+scQLq1nKEJ+rl+Voan3PrW8znnnifFP1pMZXMaBmjds+Df/D+WNWSnFw==
5NjLEhHwO6J2wgI5TQ7Hp6+M4xj8kiQopo2VHmMCdY27smUqNhZ4k2iPSBfjbO0tlbveFBA9FgXbumtaXI6NiDiGUa1tNo2B7XpeYVkyzDx/I2JLVndcEXanBQ==
2kICJoz7tIVpPfDx5hxzA1Jx9r6GWrpp0FfJROc5t+scQLq1nKEJ+rl+Voan3PrW8znnnifFP1lMZXMaBmjds+Df/D+WNWSnFw==
ThcknvWNavEY3FaRLbOwha+M4xj8kiQopo2VHmMCdY27smUqNhZ4k2iPSBfjbO0tlbveFBA9FgXbumtaXI6NiDiGUa1tNo2B7XleYVkyzDx/I2JLVndcEXanBQ==
OH8bU6PQtLHwBwTQ/k+gW1Jx9r6GWrpp0FfJROc5t+scQLq1nKEJ+rl+Voan3PrW8znnnifFP1hMZXMaBmjds+Df/D+WNWSnFw==
S2qehCiUUvUYz1oH7QklNq+M4hj8kiQopo2VHmMCdY27smUqNhZ4k2iPSBfjbO0tlbveFBA9FgXbumtaXI6NiDiGUa1tNo2B7XheYVkyzDx/I2JLVndcEXanBQ==
BqqB5DPGWmr7LUzN25ZxHlJx9r6GWrpp0FfJROc5t+scQLq1nKEJ+rl+Voan3PrW8znnnifFP15MZXMaBmjds+Df/D+WNWSnFw==
V0EgXTyBaXDMk8z6aFj+Eq+M4xj8kiQopo2VHmMCdY27smUqNhZ4k2iPSBfjbO0tlbveFBA9FgXbumtaXI6NiDiGUa1tNo2B7X5eYVkyzDx/I2JLVndcEXanBQ==
RbzDz21xtcwKSWqRqVXUl1Jx9r6GWrpp0FfJROc5t+scQLq1nKEJ+rl+Voan3PrW8znnnifFP11MZXMaBmjds+Df/D+WNWSnFw==
/A+9wvNANspCGC7q6MHNJK+M4xj8kiQopo2VHmMCdY27smUqNhZ4k2iPSBfjbO0tlbveFBA9FgXbumtaXI6NiDiGUa1tNo2B7X1eYVkyzDx/I2JLVndcEXanBQ==
RbzDz21xtcwKSWqRqVXUl1Jx9r6GWrpp0FfJROc5t+scQLq1nKEJ+rl+Voan3PrW8znnnifFP11MZXMaBmjds+Df/D+WNWSnFw==
/A+9wvNANspCGC7q6MHNJK+M4xj8kiQopo2VHmMCdY27smUqNhZ4k2iPSBfjbO0tlbveFBA9FgXbumtaXI6NiDiGUa1tNo2B7X1eYVkyzDx/I2JLVndcEXanBQ==
QKjZyXwUgKMjNnFlm2U1bVJx9r6GWrpp0FfJROc5t+scQLq1nKEJ+rl+Voan3PrW8znnnifFP1xMZXMaBmjds+Df/D+WNWSnFw==
ve1vIa9VEKxck2d4AOmVzIj+chU/n4y+DlEVwqv2eC62z0ZvZgvtVOMxm8vwCH4F+FmVeiUGsjbjFJb23zHjjgMdQ5zwPZeKguCxU0yXOE+yDXinCw==
XZvkPjpR9thxAv/ebxAMElJx9r6GWrpp0FfJROc5t+scQLq1nKEJ+rl+Voan3PrW8znnnifFP1JMZXMaBmjds+Df/D+WNWSnFw==
0uaKTP1wXgOmn46sd5NyZa+M4hj8kiQopo2VHmMCdY27smUqNhZ4k2iPSBfjbO0tlbveFBA9FgXbumtaXI6NiDiGUa1tNo2B7XJeYVkyzDx/I2JLVndcEXanBQ==
XFB5aDQoLdekLaU/YH99JFJx9r6GWrpp0FfJROc5t+scQLq1nKEJ+rl+Voan3PrW8znnnifFP1lJZXYaBmjds+Df/D+WNWSnFw==
qm+2N1jW/Gnuk18+Ad2kCr6t55VUl8NsFjFqhBgv2QVpWKJv8Ld+0zIARvnRlYENTT89PV5TLPOX0sVDl21/c1Gy8Gqf6PMNChlJKc8OGuDsvULa6jV+cuM0kgI7iC6Bh25O6+6iixH1v6MDe0OnLg==
NetTAoq4niopu74Egwx6wXce2/sITBN6gJK/D+lGwGa3LFOR0s1ZBQeqmlwUiTIWArEervsgwu6z7GN4vxv+Z0bmqw2t6zOvM2enEg==
AuR4+YO1j2fsjYcZM6NOOwEowIQiY0vZH0WioI+flfRLYVOLuPgWJeApjXo99qoWC2ReNpfhSy77jfsSia0o6mqw+ZMEpxAvqj1gpxM=
x6CWvr5F55ZRUjqBG6oE9VJx9r6GWrpp0FfJROc5t+scQLq1nKEJ+rl/Voan3PrW8znnnifFP1lPZXQaBmjds+Df/D+WNWSnFw==
x8xNPCCGKbvTDJDo1DknpdzBEEJvrDF0G32L1nftgG5IAAsRph1gwZhYReQkKEpBTA98efiYlOS63ZmJjlmir0IDwaRfSR8rNFBiFRQR8frBz94m/8zSllvJX/4vFWffkbVzOv7YtXMIz6TfHkVcpy8=
hm9OI3JKBVkchlAHfjUQ7EhCnlUmS7A/NZ/iAVq3AH9bGQrBJmFKY2Aotjd0yvvb3i2GRj7gt0ZxTM7ggZqV8tyc7Iazsu/TtqwTmk5A/MRNBsJUBHtSBGw1JsRNdUECZZVsU7LnFZVxxiEJiT96abWEUEQ7A2aT6ucwWVKnIQ==
IAMAKe75TZEsmvxPzB7ICB+zeuFcYXO7qSFU1IL+N7/9P08j3jWEAqvpTz6fdbfexBWLfO44BfPY79QfjiVspx8=
+eQsFX+jQiIut9osIZCu787RUkHLkaU+ij8oliEVVX1vSIfaqgD3Pk5vszbAWfJEO4sxsfvh1xWnZA==
vcIR0As2yUhjrjZsgbPWa49d8kREad3BNHTEIZs7jcWZZlk5Qb4ymQ3keJSjQ54jgsfoyRqnaQ==
csUsFg3UtRuBFay/cygi00hCnlUmS7A/NZ/iAVq3AH9bGQrBJmFKY2Aotjd0yvvb3i2GRj7gt0ZxTM7ggZqV8tyc7Iazsu/TtqwTmk5A/MRNBsJUBHtSBGw1JsRNdUECZZVsU7LnFZVxxiEJiTl4abWEUEQ7A2aT6ucwWVKnIQ==
lH4+tLgAR1wmBb3WqQHX2h+zeuFcYXO7qSFU1IL+N7/9P08j3jWEAqvpTz6fdbfYxhWLfO44BfPY79QfjiVspx8=
WKDvFG+E8Lbgv9BEKz9gqTthThp2YmkyY/SSwrvII8cHqEgrbuKLUXV/o8P7A6du
J/S2BzYJL5xX8Yo0cAF8WM7RUkHLkaU+ij8oliEVVX1vSIfaqgD3PkNtszbAWfJEO4sxsfvh1xWnZA==
OzO6FtF8l0LDJq6xqNmyTo9d8kREad3BNHTEIZs7jcWZZlk5QbMwmQ3keJSjQ54jgsfoyRqnaQ==
3erUsWopG8uqnq4C7CXyFgl+bz9ce25+TeGGoEQFOva3uedQLrXOPFEuKcXx5ApvievfN0sw48mJ2Sxxv2yiBHlox3oq4LceQ01zVkD5MmQ7a3FRe0EXdacE
xew2eEccwMUaZG8vUojloe/pyWoa0vzjXkxH56uSZuM6FjHAFdfp4g51mZXzFSMGN4PJF3DDR8oG/sn2S/iidgN04+MPhJi/9r5rVZ0zU7cDf6cK
