9/FiajZiF6X/+iSZ+XjwirCduLG5s5chAn+P+LFubRqG9vfZct++ivwtzWGqHDEdyIu+Z7knGpXi/vNUTlY/mvMs8srLMKIpV7Ft49dbS3llJ0NLC3unBg==
RyB6hHSuoVsyig8l/hm9ZhHwceNAc3KpuDEXxJ2rN7XGfkhz0iuOF6vpTz6fdbfYxRWJee4xBPPY79QfjiVspx8=
ELn3iMl/JKj6tCr2/NO1jc2xuyTFyXIP97xfTlQHKy3gFlMmVSsprSgv39Tp+lXvYBaZ6AkVSqHv29xcB1RveEhkWkIZFkDxYKPwdw/Cm3WK5p/zw5jXhWSh3HYjBf4cMt6DXtswgn5T3G9KX469d28XK32N+/M/U1enIg==
XiNwCiEfVdrO7QxWjlk+KRZq66/TFsEv1g6ODbsytelaErqigLg+vqMqQYS9yP3H8znnnifFP19PZXEZBmHcs+Df/D+WNWSnFw==
sBU+JPkZ46huLwd7eyZ0HBZw7a/PDsAv1g6ODbsytelaErqigLg+vqMqQYS9yP3H8znnnifFP19PZXEZBmHcs+Df/D+WNWSnFw==
/AtiWbpSNFY85ztp0TNYhxdw7a/PDsAv1g6ODbsytelaErqigLg+vqMqQYS9yP3H8znnnifFP19PZXEZBmHcs+Df/D+WNWSnFw==
Tgb0ySwQdf5g/h3h1L4hEqICD28adnpdb5oJScb6zlIUILI+L7LV9EmgYWdPkbNOUz1znwNdRUnSCSDT/PfID4ItaKcb
UAIy6w2ycdeyqbnvSTcNaaMCD28adnpdb5oJScb6zlIUILI+L7LV9EmgYWdPkbNOUz1znwNdRUnSCSDT/PfID4ItaKcb
PyzZ9qtvMtK1PSs2FSWJ96ACD28adnpdb5oJScb6zlIUILI+L7LV9EmgYWdPkbNOUz1znwNdRUnSCSDT/PfID4ItaKcb
lkYfbuJ0QvnIvNUG2A8Ls6ECD28adnpdb5oJScb6zlIUILI+L7LV9EmgYWdPkbNOUz1znwNdRUnSCSDT/PfID4ItaKcb
bE5XpVkIhDFNyoauG4JfefctNglVOD0TPIsWSdypi1QRI7M1QvbE406zandPkbNOUz1znwNdRUnSCSDT/PfID4ItaKcb
3sTSrQcmtFiULOOVPj8y4/ctNglVOD0TPI8UR9ypi1QRI7M1QvbE406zandPkbNOUz1znwNdRUnSCSDT/PfID4ItaKcb
yQSSs+78hiucBddnb4RRzdG70I+EsA6KxURPr7Y22NeUzQh2D/EfrTqQ13IKqEeGz9QDnGXxKx370+HZG4knbacc
Ob3KB2Zfw1plEAbSJp9pkek4tYLzGZWaM0en+Rfhnbz95y/NibOZn9RDwYc6KgkJ+VuY5Th+jL6ACyZCWtSwm9ihyPj6tonp8EbMHRCNtjpyvyp/AztuA1lDoi4VYCBCsUF9mc8sr076FD+6CWh7ppVNUyEbb5nl6zVfUacg
QdENsOd4bOPgnGw9M1Ui3h+zeuFcYXO7qSFU1IL+N7/9P08j3jWEAqvpTz6fdbfZxxWPee4xBPPY79QfjiVspx8=
vk/hPjE8l8gsOGZ22Z1zjTthThp2YmkyY/SSwrvILMYHrE0rZ+OLUXV/o8P7A6du
iE1Lu9Ji8Xz5hw85efMJNc7RUkHLkaU+ij8oliEVVX1vSIfaqgD3PkxsszLFWftFO4sxsfvh1xWnZA==
+zGivllYyF+0GUBXvotHQI9d8kREad3BNHTEIZs7jcWZZlk5QbwxmQnheJ2iQ54jgsfoyRqnaQ==
YFKn6X/dc1HdhVINYb4xMwl+bz9ce25+TeGGoEQFOva3uedQLrXOPFEuKcXx5ApvievfN0sw48mJ2Sxxv2yiBHlox3oq4LceQ0xzUkX5O2U7a3FRe0EXdacE
OjOdxS2bc7KBq6RSxQXCH+/pyWoa0vzjXkxH56uSZuM6FjHAFdfp4g51mZXzFSMGN4PJF3DDR8oG/sn2S/iidgN04+IPgJ2//79rVZ0zU7cDf6cK
