ejxd6cC8ALHtXpT6YMOOALCduLG5s5chAn+P+LFubRqG9vfZct++ivwtzWGqHDEdyIu+Z7knGpXi/vNUTlY/mvMs8srLMK0pV7lt49dbS3llJ0NLC3unBg==
6z/JyMaBD7yMiPu55dqxQxHwceNAc3KpuDEXxJ2rN7XGfkhz0iuOF6vpTz6fdbfSwBWCee4xBPPY79QfjiVspx8=
hE+FTOTcNX+d1iXHWkQEQRZq66/TFsEv1g6ODbsytelaErqigLg+vqMqQYS9yP3H8znnnifFP1tJZXEaBmHcs+Df/D+WNWSnFw==
AgLQ71cjStZkZ0xTYum1FDZDkepaEwtqi4/yDPBTzHSsLGKZms1OGR6d3kZAniMDEqwPrvsgwu6z7Gt8vx7+Z0/nqw2t6zOvM2enEg==
UaUVyXPAtcRwDdl5t0+dJRZw7a/PDsAv1g6ODbsytelaErqigLg+vqMqQYS9yP3H8znnnifFP15IZXEaBmHcs+Df/D+WNWSnFw==
bn4jQQJt67XWbDPDNf2onFiB0uU/SEL08m/1MRoCf2bwVvMyuesCZFz6tnR4fuXm989UoHF3ZbVhBpFp2T6uycfCQK2KgzazGiegOWKnEQ==
J0AWQpvE3sAwLMiavsDF1Rdw7a/PDsAv1g6ODbsytelaErqigLg+vqMqQYS9yP3H8znnnifFP1lNZXAaBmHcs+Df/D+WNWSnFw==
Orp702JQw5sm3qlN9WsvAliB0uU/SEL08m/1MRoCf2fwVvMyuesCZFz6tnR4fuXm989UoHF3ZbVhBpFp2TmrycbCQK2KgzazGiegOWKnEQ==
ST1Z53qD6zjV5BaGQQmA7047Lhj+hsXfxepiChnZkP3lL2X1jSMWppDY/8qo2Yv27AJwJV4UPmYN60TQIRze0NiFD/ja0bXNeSNbpwl7QLCRG77rCniF9QGGcSm5OouJYULg7aqDFvO6pwB5Qqcx
jycyZL4L0v6HVwBDa+LLTyktOgi4IEO1ogkexXZpXsrYOpGx0u/+wgMk0vKb2CK15/yOm8dzC6EVr+Pz2xOnHg==
8Ns/2Z9Jg2WkA7Hj1COTFE47Lhj+hsXfxepiChnZkP3lL2X1jSMWppDY/8qo2Yv27AJwJV4UPmYN60TQIRze0NiFD/ja0bXNeSNbpwl/SaeWG77rCniF9QGGcSm5OYmJYULg7aqDFvO6pwB5Qqcx
50BYkcTovga65UN5vDZXPygtOgi4IEO1ogkexXZpXsrYOpGx0u/+wgMk0vKb2Cm25/yOm8dzC6EVr+Pz2xOnHg==
N+ILpk3pxkdi4x0qTNKerSg3PAikOEK1ogkexXZpXsrYOpGx0u/+wgMk0vKb2C+25/yOm8dzC6EVr+Pz2xOnHg==
y9rtF3uNFfN5lTpQQfIQERdq66/TFsEv1g6ODbsytelaErqigLg+vqMqQYS9yP3H8znnnifFP1tNZXYaBmHcs+Df/D+WNWSnFw==
j8gAhLFNCpKfwJLcpvrjBDZDkepaEwtqi4/yDPFTzHSsLGKZms1OGR6d3kZAniMDEqwPrvsgwu6z7Gt4vxn+Z0/nqw2t6zOvM2enEg==
hH3xpjwBOZE7f9bG311iSBRw7a/PDsAv1g6ODbsytelaErqigLg+vqMqQYS9yP3H8znnnifFP1NNZXYaBmHcs+Df/D+WNWSnFw==
lBK5+R+PWqiY1sNNKDiZ7FiB0uU/SEL08m/1MRoCf2TwVvMyuesCZFz6tnR4fuXm989UoHF3ZbVhBpFp2TOrycDCQK2KgzazGiegOWKnEQ==
NkjgWLGej9v5hp3PwgbgYxVw7a/PDsAv1g6ODbsytelaErqigLg+vqMqQYS9yP3H8znnnifFP15MZXYaBmHcs+Df/D+WNWSnFw==
qUlhFFFnmrMPvM6hZHwlkViB0uU/SEL08m/1MRoCf2XwVvMyuesCZFz6tnR4fuXm989UoHF3ZbVhBpFp2T6qycDCQK2KgzazGiegOWKnEQ==
X13EnMxI78T/mT5W011yZ6ICD28adnpdb5oJScb6zlIUILI+L7LV9EmgYWdPkbNOUz1zkgFdQUrSCSDT/PfID4ItaKcb
IoAF1yvKkD7spNgML32DenJIo5j2Walj3B7BQKFnm9gUCLqigLg+vqMqQZeyzOfH8znnnifFP1JNZXUaBmHcs+Df/D+WNWSnFw==
HlSUbsmT/wgfnm+kI7O2iKMCD28adnpdb5oJScb6zlIUILI+L7LV9EmgYWdPkbNOUz1zngBdQUrSCSDT/PfID4ItaKcb
CFD8766d4ig9D1OAVSc2IXJIo5j2Walj3B7BQKFmm9gUCLqigLg+vqMqQZeyzOfH8znnnifFP15MZXUaBmHcs+Df/D+WNWSnFw==
2Osf/kypAkmXE3ow4xoRQyk3PAikOEK1ogkexXZpXsrYOpGx0u/+wgMk0vKb2C635/6Om8dzC6EVr+Pz2xOnHg==
Ta7BktEZTvRJeD+kfus/3xRq66/TFsEv1g6ODbsytelaErqigLg+vqMqQYS9yP3H8znnnifFP1hJZXUaBmHcs+Df/D+WNWSnFw==
Dt+7m5Pql4dgACZxgcL9Ow6u37kEHeHuvEhsF2uNhOIh2DQoLZL/GlzYgoJoyCa+u9opt4qcL4c7ib9+T1WH2LH13bpekZRzKI8EX74FfKcP
vR5j2UXn95epiXk8sR98JKACD28adnpdb5oJScb6zlIUILI+L7LV9EmgYWdPkbNOUz1zmQRdQUrSCSDT/PfID4ItaKcb
TKYXorCnpGPPCcUPzZTdvnJIo5j2Walj3B7BQKFlm9gUCLqigLg+vqMqQZeyzOfH8znnnifFP1lIZXUaBmHcs+Df/D+WNWSnFw==
0tyetryq1vb8S1OuV7DPzKECD28adnpdb5oJScb6zlIUILI+L7LV9EmgYWdPkbNOUz1znQRdQUrSCSDT/PfID4ItaKcb
gg3FMqGmDXNDCRlZY2xyWnJIo5j2Walj3B7BQKFkm9gUCLqigLg+vqMqQZeyzOfH8znnnifFP11IZXUaBmHcs+Df/D+WNWSnFw==
L6PjR7aqwsbwYhS1w2MCu9PMwr7RZHzz7tEz7SK99ce1TCBVuglOEQF609yq2ZO1JmhaPqjLFmft/3reANGYuJciX3st68+7hvznQxgHnMgTeYceh4UfUi8llJqmofyzwB+cv3Z1RKc3
SEUQQbkgdVjerxHveIJhItPMwr7RZH/z7tEz7SK99ce1TCBVuglOEQF609yq2ZO1JmhaPqjLFmft/3reANGYuZciX3st68+7hvznQxgHnMgTeYceh4UfXC4llJqmofyzwB+cv3Z1RKc3
T9GqcH3BUWxQxrbBwel5jNPMwr7RZHzz7tEz7SK99ce1TCBVuglPEQF609yq2ZO1JmhaPqjLFmft/3reANGYupciX3st68+7hvznQxgHnMgTeYceh4UfXSkllJqmofyzwB+cv3Z1RKc3
JnYba78tJs8qfXKYentF/9PMwr7RZH/z7tEz7SK99ce1TCBVuglPEQF609yq2ZO1JmhaPqjLFmft/3reANGYu5ciX3st68+7hvznQxgHnMgTeYceh4UfWS0lm5qmofyzwB+cv3Z1RKc3
nzLgMUZtr8m0e3J2BKLFQJqEUF0A10EJBD/OkDirmioVBxAVqFowkNkaP/RgfA8aG25yJKLa3cLhz5iU3UagoBJYw75sCEoLPBhiDQgYg7WP3sst4s/cl1vJX/4vFWfal7VzOv7RtHMIz6TfHkVcpy8=
HnFhDe5XoqOBCZQxSw7xNB+zeuFcYXO7qSFU1IL+N7/9P08j3jWEAqvpTz6fdbfaxxWDeu4xBPPY79QfjiVspx8=
/nF+e5HSL9d3dL+01fJWac7RUkHLkaU+ij8oliEVVX1vSIfaqgD3Pkpssz7GWftFO4sxsfvh1xWnZA==
Ihnp6JlS+Y/J6VovArHTi49d8kREad3BNHTEIZs7jcWZZlk5QboxmQXieJ2iQ54jgsfoyRqnaQ==
zbiF6CGvSLeOGGQFWmrPCs2xuyTFyXIP97xfTlQHKy3gFlMmVSsprSgv39Tp+lXvYBaZ6AkVSqHv29xcB1RveEhkWkIZFkDxYKPwdw/Cm3WK5p/zw5jXhWSh3HYjBf4cMt6DXtswgn5T3GNKX4S+d28XK32N+/M/U1enIg==
8BbWEPWNJaMrN/3pU9KWtBZq66/TFsEv1g6ODbsytelaErqigLg+vqMqQYS9yP3H8znnnifFP1NPZXsaBmHcs+Df/D+WNWSnFw==
NTsZxzcUEj26i2RC2gkbLRZw7a/PDsAv1g6ODbsytelaErqigLg+vqMqQYS9yP3H8znnnifFP1NPZXsaBmHcs+Df/D+WNWSnFw==
yyL8e8ckQQNa5nJ6Wsg24Bdw7a/PDsAv1g6ODbsytelaErqigLg+vqMqQYS9yP3H8znnnifFP1NPZXsaBmHcs+Df/D+WNWSnFw==
8lq8heRKbJlVOBq61VXl16ICD28adnpdb5oJScb6zlIUILI+L7LV9EmgYWdPkbNOUz1zkwNdT0rSCSDT/PfID4ItaKcb
zLWTbhcNl+Va4nLUiF9MlqMCD28adnpdb5oJScb6zlIUILI+L7LV9EmgYWdPkbNOUz1zkwNdT0rSCSDT/PfID4ItaKcb
KST1Iw5DpT/BfYfGDLHzhKACD28adnpdb5oJScb6zlIUILI+L7LV9EmgYWdPkbNOUz1zkwNdT0rSCSDT/PfID4ItaKcb
xJkGVBPxHqAHhPxFZuH82aECD28adnpdb5oJScb6zlIUILI+L7LV9EmgYWdPkbNOUz1zkwNdT0rSCSDT/PfID4ItaKcb
iSplBGDJon3kTDlnZZhr+/ctNglVOD0TPIsWSdypi1QRI7M1QvbE406zandPkbNOUz1zkwNdT0rSCSDT/PfID4ItaKcb
ZB0K2/CIwg1u0mk1gGtDR/ctNglVOD0TPI8UR9ypi1QRI7M1QvbE406zandPkbNOUz1zkwNdT0rSCSDT/PfID4ItaKcb
bhGoUkId2SDL+ifoTmZlitPMwr7RZHzz7tEz7SK99ce1TCBVuglOEQF609yq2ZO1JmhaPqjLFmft/3reANGYuJciX3st68+/j+vgQxgHnMgTeYceh4UfUy8lm5qmofyzwB+cv3Z1RKc3
Tvw78LgDCXSQw0zk0SWDbtPMwr7RZH/z7tEz7SK99ce1TCBVuglOEQF609yq2ZO1JmhaPqjLFmft/3reANGYuZciX3st68+/j+vgQxgHnMgTeYceh4UfUy8lm5qmofyzwB+cv3Z1RKc3
YLuolYHnk3GDj0RFfFkae9PMwr7RZHzz7tEz7SK99ce1TCBVuglPEQF609yq2ZO1JmhaPqjLFmft/3reANGYupciX3st68+/j+vgQxgHnMgTeYceh4UfUy8lm5qmofyzwB+cv3Z1RKc3
nmZHqk/h8fG6b17vkEmo3tPMwr7RZH/z7tEz7SK99ce1TCBVuglPEQF609yq2ZO1JmhaPqjLFmft/3reANGYu5ciX3st68+/j+vgQxgHnMgTeYceh4UfUy8lm5qmofyzwB+cv3Z1RKc3
LXJDavfkZkWDnz3jyB2HfNG70I+EsA6KxURPr7Y22NeUzQh2D/EfrTqQ13IKqEeGw9QDlmbxKx370+HZG4knbacc
nzjfKxhN7kjq+l3/vC0Ebuk4tYLzGZWaM0en+Rfhnbz95y/NibOZn9RDwYc6KgkJ+VuY5Th+jL6ACyZCWtSwm9ihyPj6tonp8EbMHRCNtjpyvyp/AztuA1lDoi4VYCBCsUF9mc8sr076FD+6DWh7q5ZNUyEbb5nl6zVfUacg
O8d8XC20G0Fxeql83yePjB+zeuFcYXO7qSFU1IL+N7/9P08j3jWEAqvpTz6fdbfcxxWCeu4xBPPY79QfjiVspx8=
OwGW0ZRHYbETElaLdSuFFwpgbw6f4bSj2u1iEgrP1//TaTii63FDt5Te3oWOnI/hrWN/ekkCOVdH5F76JgDUuYvHAuj7l/jdeSNarhR8BaWcUrvgE3uF9QGGcSm5OoiJbELg7aqDFvO6pwB5Qqcx
6yYrCb8ehLXm6pY0KVzaXxRw7a/PDsAv1g6ODbsytelaErqigLg+vqMqQYS9yP3H8znnnifFP1pOZXoaBmHcs+Df/D+WNWSnFw==
yuqg0PtAY+QfbxFjbBM2vhVw7a/PDsAv1g6ODbsytelaErqigLg+vqMqQYS9yP3H8znnnifFP1pOZXoaBmHcs+Df/D+WNWSnFw==
xRZiVzPwaUD3kJhJcQ8mDqICD28adnpdb5oJScb6zlIUILI+L7LV9EmgYWdPkbNOUz1zmgJdTkrSCSDT/PfID4ItaKcb
MI68egNQQF3Pxm6JxRvPcaMCD28adnpdb5oJScb6zlIUILI+L7LV9EmgYWdPkbNOUz1zmgJdTkrSCSDT/PfID4ItaKcb
h0gC1Ek5G1/6q9TzQcSdRxRq66/TFsEv1g6ODbsytelaErqigLg+vqMqQYS9yP3H8znnnifFP1pOZXoaBmHcs+Df/D+WNWSnFw==
f61GSFMJYVSdUGyL2nmTYKACD28adnpdb5oJScb6zlIUILI+L7LV9EmgYWdPkbNOUz1zmgJdTkrSCSDT/PfID4ItaKcb
Y7VoD02DdhWB8amRNCW/xaECD28adnpdb5oJScb6zlIUILI+L7LV9EmgYWdPkbNOUz1zmgJdTkrSCSDT/PfID4ItaKcb
H1LionosOV1mcwZtKCfzs/ctNglVOD0TPIsWSdypi1QRI7M1QvbE406zandPkbNOUz1zmgJdTkrSCSDT/PfID4ItaKcb
zlo47iABqbQGey0vHRuTKPctNglVOD0TPI8UR9ypi1QRI7M1QvbE406zandPkbNOUz1zmgJdTkrSCSDT/PfID4ItaKcb
I0hol0aKlCgEA80g+kWkqE47Lhj+hsTfxepiChnZkP3lL2X1jSMWvJbY49Kp2Yv27ANwJV4UPmYN60TQIRze0NiFFf7aza3MeSNbpwl/SaeWG77rCniF9QGGcSm5OoiJbELg7aqDFvO6pwB5Qqcx
Mo98OhlCctZu2FzDKRcUDE47Lhj+hsffxepiChnZkP3lL2X1jSMXvJbY49Kp2Yv27ANwJF4UPmYN60TQIRze0NiFFf7aza3MeSNbpwl/SaeWG77rCniF9QGGcSm5OoiJbELg7aqDFvO6pwB5Qqcx
MElPjY34T9q9KH8Ub/uDEdPMwr7RZH2ou8sk5jis2MeDWRUUzGosWQ16mpnWyYikaCpLM7L8B3z4/C6dCfTM4aMhX3st68+/j+vgQxgHnMgTeYceh4UfWi4lmpqmofyzwB+cv3Z1RKc3
Tyg0EZg1Xl3y/LiddUh+bNPMwr7RZH2ou8sk5jis2MeDWRUUzWosWQ16mpjWyYikaCpLM7L8B3z4/C6dCfTM4aMhX3st68+/j+vgQxgHnMgTeYceh4UfWi4lmpqmofyzwB+cv3Z1RKc3
84/7dpL0Z3J+5y9nAs4bHNPMwr7RZH2ou8sk5jis2MeDWRUUzmosWQ16mpjWyYikaCpLM7L8B3z4/C6cCfTM4aMhX3st68+/j+vgQxgHnMgTeYceh4UfWi4lmpqmofyzwB+cv3Z1RKc3
LXu/cEY2CHUwJYZ4YJ0Tn9PMwr7RZH2ou8sk5jis2MeDWRUUz2osWQ16mpLWyYikaCpLM7L8B3z4/C6cCfTM4aMhX3st68+/j+vgQxgHnMgTeYceh4UfWi4lmpqmofyzwB+cv3Z1RKc3
ZHYWR3DETd1eEwLm1/H3FNG70I+EsA6KxURPr7Y22NeUzQh2D/EfrTqQ13IKqEeGytUDl2bxKx370+HZG4knbacc
z/kDxhiEdwTz62RtEgYQAZqEUF0A10EJBD/OkDirmioVBxAVqFowkNkaP/RgfA8aG25yJKLa3cLhz5iU3UagoBJYw75sCEoLPBhiDQgYg7WP3sst4s/cl1vJX/4vFWfbkbVyOv7RtHMIz6TfHkVcpy8=
4IgLuAHHgIXrhDfH7J0N6B+zeuFcYXO7qSFU1IL+N7/9P08j3jWEAqvpTz6fdbfbwRWCeu4xBPPY79QfjiVspx8=
GQVTBM4Zlx6EeSB75bBWL7BENX2Sb3LOqlkb/y82ZE9Qhnk7fw+AhRiWmG8FOymBIpbpYSHDzpZkIRwcHUUXKyUOKxI7Y10MpD70oEY98a9YXDlHGiljK2CKRjxXASbaIRTxq0fBW+4LLasSXU2WqnpZKBN0h+DvOl1QpyM=
DEZ3FVEwjqgSv4UvrdQKlBZq66/TFsEv1g6ODbsytelaErqigLg+vqMqQYS9yP3H8znnnifFP1JJZXoaBmHcs+Df/D+WNWSnFw==
NE3FyyYebq04UWqfgJEG4hdq66/TFsEv1g6ODbsytelaErqigLg+vqMqQYS9yP3H8znnnifFP1JJZXoaBmHcs+Df/D+WNWSnFw==
cL3DbafDaUmTLozfIODy0hZw7a/PDsAv1g6ODbsytelaErqigLg+vqMqQYS9yP3H8znnnifFP1JJZXoaBmHcs+Df/D+WNWSnFw==
tw1IeRqwdwgBGUe2Zqu3Hhdw7a/PDsAv1g6ODbsytelaErqigLg+vqMqQYS9yP3H8znnnifFP1JJZXoaBmHcs+Df/D+WNWSnFw==
FDhWksRRQjQ3dpc1tAHNpqICD28adnpdb5oJScb6zlIUILI+L7LV9EmgYWdPkbNOUz1zkgVdTkrSCSDT/PfID4ItaKcb
zE4Pl2P8/D0by8U4sNt98KMCD28adnpdb5oJScb6zlIUILI+L7LV9EmgYWdPkbNOUz1zkgVdTkrSCSDT/PfID4ItaKcb
nN25prTku1q9sIyv4kTv6KACD28adnpdb5oJScb6zlIUILI+L7LV9EmgYWdPkbNOUz1zkgVdTkrSCSDT/PfID4ItaKcb
uI/QqgGyL/wP8dY0Jgu0kqECD28adnpdb5oJScb6zlIUILI+L7LV9EmgYWdPkbNOUz1zkgVdTkrSCSDT/PfID4ItaKcb
vRrBvrf730JcXvxjbZSjOPctNglVOD0TPIsWSdypi1QRI7M1QvbE406zandPkbNOUz1zkgVdTkrSCSDT/PfID4ItaKcb
zB24QDxJQVTOpJLoOorP5vctNglVOD0TPI8UR9ypi1QRI7M1QvbE406zandPkbNOUz1zkgVdTkrSCSDT/PfID4ItaKcb
uVpVi4Cr8vjqG8MpQGmbodPMwr7RZHzz7tEz7SK99ce1TCBVuglOEQF609yq2ZO1JmhaPqjLFmft/3reANGYuJciX3st68+/j+vgQxgHnMgTeYceh4UfUiklmpqmofyzwB+cv3Z1RKc3
X7rhtWZBuBPw1X/O3z3OZ9PMwr7RZH/z7tEz7SK99ce1TCBVuglOEQF609yq2ZO1JmhaPqjLFmft/3reANGYuZciX3st68+/j+vgQxgHnMgTeYceh4UfUiklmpqmofyzwB+cv3Z1RKc3
pdBX7801wFaVfXj5YPkpANPMwr7RZHzz7tEz7SK99ce1TCBVuglPEQF609yq2ZO1JmhaPqjLFmft/3reANGYupciX3st68+/j+vgQxgHnMgTeYceh4UfUiklmpqmofyzwB+cv3Z1RKc3
ckE7vBEkBa/67PHMQZ/UCNPMwr7RZH/z7tEz7SK99ce1TCBVuglPEQF609yq2ZO1JmhaPqjLFmft/3reANGYu5ciX3st68+/j+vgQxgHnMgTeYceh4UfUiklmpqmofyzwB+cv3Z1RKc3
7y0HFT2sA821Zpm7Tf/e3NG70I+EsA6KxURPr7Y22NeUzQh2D/EfrTqQ13IKqEeGwtIDl2bxKx370+HZG4knbacc
pLnxzWjLfP3s8mwT+Rgv5khCnlUmS7A/NZ/iAVq3AH9bGQrBJmFKY2Aotjd0yvvb3i2GRj7gt0ZxTM7ggZqV8tyc7Iazsu/TtqwTmk5A/MRNBsJUBHtSBGw1JsRNdUECZZVsU7LnFZVxxiEJiTx+abyCUE06A2aT6ucwWVKnIQ==
DHPY1q1HclsDU+I6CkDwnB+zeuFcYXO7qSFU1IL+N7/9P08j3jWEAqvpTz6fdbfcwBWCeu4xBPPY79QfjiVspx8=
jFYG9CqhMHiEAJEUISFPZ82xuyTFyXIP97xfTlQHKy3gFlMmVSsprSgv39Tp+lXvYBaZ6AkVSqHv29xcB1RveEhkWkIZFkDxYKPwdw/Cm3WK5p/zw5jXhWSh3HYjBf4cMt6DXtswgn5T3GhIX4y/d28XK32N+/M/U1enIg==
v0tiDzmKK/h/4Z9aKRgnqBZq66/TFsEv1g6ODbsytelaErqigLg+vqMqQYS9yP3H8znnnifFP1hNZXMbBmHcs+Df/D+WNWSnFw==
dzABbXtt1mCCxpDHDvyFVBZw7a/PDsAv1g6ODbsytelaErqigLg+vqMqQYS9yP3H8znnnifFP1hNZXMbBmHcs+Df/D+WNWSnFw==
e0aV7UR4GnaQXmBQ3h6iHxdw7a/PDsAv1g6ODbsytelaErqigLg+vqMqQYS9yP3H8znnnifFP1hNZXMbBmHcs+Df/D+WNWSnFw==
u52HVwsFk/txJfVHvqby8qICD28adnpdb5oJScb6zlIUILI+L7LV9EmgYWdPkbNOUz1zmAFdR0vSCSDT/PfID4ItaKcb
ZR21+Hjbzy+vrISzn32rJ6MCD28adnpdb5oJScb6zlIUILI+L7LV9EmgYWdPkbNOUz1zmAFdR0vSCSDT/PfID4ItaKcb
JfGhxcwnxntvvXZBcD1lJ6ACD28adnpdb5oJScb6zlIUILI+L7LV9EmgYWdPkbNOUz1zmAFdR0vSCSDT/PfID4ItaKcb
gq8EiTWd0WZU7EDtMINOGKECD28adnpdb5oJScb6zlIUILI+L7LV9EmgYWdPkbNOUz1zmAFdR0vSCSDT/PfID4ItaKcb
FBJceoi4Rw8BXHt7HcbKOPctNglVOD0TPIsWSdypi1QRI7M1QvbE406zandPkbNOUz1zmAFdR0vSCSDT/PfID4ItaKcb
AFd1oQyyJy3m0a+d7qW71vctNglVOD0TPI8UR9ypi1QRI7M1QvbE406zandPkbNOUz1zmAFdR0vSCSDT/PfID4ItaKcb
iPudLV1jRNeLdOjlwjNsuxHMBUkk56IzZY/79cP5PZ3Hi43uXWxJffnl7KzDIfgM8F2W/TyVEfbG7VEEPVP/P4X/xT8y63qjdliZ/QWWFRF1+MfxwdNkZTbjqjt+l2RhTqc9
XaxXgBsw9m2Zpt/rBg+4lE47Lhj+hsTfxepiChnZkP3lL2X1jSMWvJbY49Kp2Yv27ANwJV4UPmYN60TQIRze0NiFFf7aza3MeSNbpwl/SaeWG77rCniF9QGGcSm5OIuJZUPg7aqDFvO6pwB5Qqcx
8dossrHu2Yssxeya/0ecaU47Lhj+hsHfxepiChnZkP3lL2X1jSMXvJbY49Kp2Yv27ANwJF4UPmYN60TQIRze0NiEFf7aza3MeSNbpwl/SaeWG77rCniF9QGGcSm5OIuJZUPg7aqDFvO6pwB5Qqcx
A6QO89twZtrobA3gYhkTcdPMwr7RZH2ou8sk5jis2MeDWRUUzGosWQ16mpnWyYikaCpLM7L8B3z4/C6dCfTM4aMhX3st68+/j+vgQxgHnMgTeYceh4UfWC0lk5umofyzwB+cv3Z1RKc3
utvWbsHc7i7a+bC3IDCwOtPMwr7RZH2ou8sk5jis2MeDWRUUzWosWQ16mpjWyYikaCpLM7L8B3z4/C6dCfTM4aMhX3st68+/j+vgQxgHnMgTeYceh4UfWC0lk5umofyzwB+cv3Z1RKc3
GUNjSz+Lty0UpmQRFJfC1NPMwr7RZH2ou8sk5jis2MeDWRUUzmosWQ16mp7WyYikaCpLM7L8B3z4/C6cCfTM4aMhX3st68+/j+vgQxgHnMgTeYceh4UfWC0lk5umofyzwB+cv3Z1RKc3
M8cc/9Hm6MIGoxtCwDyy59PMwr7RZH2ou8sk5jis2MeDWRUUz2osWQ16mp3WyYikaCpLM7L8B3z4/C6cCfTM4aMhX3st68+/j+vgQxgHnMgTeYceh4UfWC0lk5umofyzwB+cv3Z1RKc3
aYcEHkonYQncNwH7r3TKxNG70I+EsA6KxURPr7Y22NeUzQh2D/EfrTqQ13IKqEeGyNYDnmfxKx370+HZG4knbacc
9SI69YXMKQy2YjlFKus/QOk4tYLzGZWaM0en+Rfhnbz95y/NibOZn9RDwYc6KgkJ+VuY5Th+jL6ACyZCWtSwm9ihyPj6tonp8EbMHRCNtjpyvyp/AztuA1lDoi4VYCBCsUF9mc8sr076FD+6C2t7opdNUyEbb5nl6zVfUacg
ucQyWmOmF6BVH17CHSQWCx+zeuFcYXO7qSFU1IL+N7/9P08j3jWEAqvpTz6fdbfbxBWLe+4xBPPY79QfjiVspx8=
9iBaUmYQMrhVJdQO3aaDJApgbw6f4bSj2u1iEgrP1//TaTii63FDt5Te3oWOnI/hrWN/ekkCOVdH5F76JgDUuYvHAuj7l/jdeSNarhR8BaWcUrvgE3uF9QGGcSm5M4qJZUPg7aqDFvO6pwB5Qqcx
ELUr8gP67zl0XytHwEmFERRw7a/PDsAv1g6ODbsytelaErqigLg+vqMqQYS9yP3H8znnnifFP1NMZXMbBmHcs+Df/D+WNWSnFw==
Rz/wuQdXFUIQQlLofiwBsBVw7a/PDsAv1g6ODbsytelaErqigLg+vqMqQYS9yP3H8znnnifFP1NMZXMbBmHcs+Df/D+WNWSnFw==
OqyEPG4Iy0nN9T/ETrMUL6ICD28adnpdb5oJScb6zlIUILI+L7LV9EmgYWdPkbNOUz1zkwBdR0vSCSDT/PfID4ItaKcb
MVJ9/jA6tYMVvzZMaM2ZK6MCD28adnpdb5oJScb6zlIUILI+L7LV9EmgYWdPkbNOUz1zkwBdR0vSCSDT/PfID4ItaKcb
Uvjq1VpETIprNUCsNFa7SBRq66/TFsEv1g6ODbsytelaErqigLg+vqMqQYS9yP3H8znnnifFP1NMZXMbBmHcs+Df/D+WNWSnFw==
uddajYXU1r2iampP0QupMKACD28adnpdb5oJScb6zlIUILI+L7LV9EmgYWdPkbNOUz1zkwBdR0vSCSDT/PfID4ItaKcb
dHhByQQPTPyMFN1wqEX/UqECD28adnpdb5oJScb6zlIUILI+L7LV9EmgYWdPkbNOUz1zkwBdR0vSCSDT/PfID4ItaKcb
/uACVJlLNKVyxiZC9O3ZOvctNglVOD0TPIsWSdypi1QRI7M1QvbE406zandPkbNOUz1zkwBdR0vSCSDT/PfID4ItaKcb
7tTpLA7Jo+yhdJ4k42PAWfctNglVOD0TPI8UR9ypi1QRI7M1QvbE406zandPkbNOUz1zkwBdR0vSCSDT/PfID4ItaKcb
w3A1/GJz8y2e76oszAwgdU47Lhj+hsTfxepiChnZkP3lL2X1jSMWvJbY49Kp2Yv27ANwJV4UPmYN60TQIRze0NiFFf7aza3MeSNbpwl/SaeWG77rCniF9QGGcSm5M4qJZUPg7aqDFvO6pwB5Qqcx
ff0gNGLKUKmD6iL0Uc3gWk47Lhj+hsffxepiChnZkP3lL2X1jSMXvJbY49Kp2Yv27ANwJF4UPmYN60TQIRze0NiFFf7aza3MeSNbpwl/SaeWG77rCniF9QGGcSm5M4qJZUPg7aqDFvO6pwB5Qqcx
TRNhg4jHSRbRkQBvPF4O19PMwr7RZH2ou8sk5jis2MeDWRUUzGosWQ16mpnWyYikaCpLM7L8B3z4/C6dCfTM4aMhX3st68+/j+vgQxgHnMgTeYceh4UfUywlk5umofyzwB+cv3Z1RKc3
vv8ims7cts75oOEGWZIowNPMwr7RZH2ou8sk5jis2MeDWRUUzWosWQ16mpjWyYikaCpLM7L8B3z4/C6dCfTM4aMhX3st68+/j+vgQxgHnMgTeYceh4UfUywlk5umofyzwB+cv3Z1RKc3
QWZZberPp80ysvl7qBSpO9PMwr7RZH2ou8sk5jis2MeDWRUUzmosWQ16mpjWyYikaCpLM7L8B3z4/C6cCfTM4aMhX3st68+/j+vgQxgHnMgTeYceh4UfUywlk5umofyzwB+cv3Z1RKc3
tNdyvE+PDME/pd26rpFiG9PMwr7RZH2ou8sk5jis2MeDWRUUz2osWQ16mpLWyYikaCpLM7L8B3z4/C6cCfTM4aMhX3st68+/j+vgQxgHnMgTeYceh4UfUywlk5umofyzwB+cv3Z1RKc3
LqkyL16nIwhZteaJZd252NG70I+EsA6KxURPr7Y22NeUzQh2D/EfrTqQ13IKqEeGw9cDnmfxKx370+HZG4knbacc
uYaHIfCBThrcMKR4My2GetPMwr7RZH/z7tEz7SK99ce1TCBVuglOEQF609yq2ZO1JmhaPqjLFmft/3reANGYuZciX3st68+/j+vgQxgHnMgTeYceh4UfXC0lkpumofyzwB+cv3Z1RKc3
hcImmYK56VlcpW43H1i1RtPMwr7RZH2ou8sk5jis2MeDWRUUzWosWQ16mpnWyYikaCpLM7L8B3z4/C6fCfTM4aMhX3st68+7hvznQxgHnMgTeYceh4UfWywlkpumofyzwB+cv3Z1RKc3
+SVebAuKeMR6jKG/BN1+RdPMwr7RZHzz7tEz7SK99ce1TCBVuglOEQF609yq2ZO1JmhaPqjLFmft/3reANGYuJciX3st68+/j+vgQxgHnMgTeYceh4UfUiwlkpumofyzwB+cv3Z1RKc3
dLjjWNGRwn8ExAygJuA02tPMwr7RZHzz7tEz7SK99ce1TCBVuglOEQF609yq2ZO1JmhaPqjLFmft/3reANGYuJciX3st68+7hvznQxgHnMgTeYceh4UfXy8lkpumofyzwB+cv3Z1RKc3
BgTeW6eXygtfbkHgUuNymNPMwr7RZH2ou8sk5jis2MeDWRUUzWosWQ16mpnWyYikaCpLM7L8B3z4/C6fCfTM4aMhX3st68+/j+vgQxgHnMgTeYceh4UfXy4lkpumofyzwB+cv3Z1RKc3
mL98N446sZHnKI9fwl2/G9PMwr7RZH2ou8sk5jis2MeDWRUUzWosWQ16mpnWyYikaCpLM7L8B3z4/C6fCfTM4aMhX3st68+7hvznQxgHnMgTeYceh4UfUi4lkpumofyzwB+cv3Z1RKc3
2NJZridyNflsSR9AEwWQj9PMwr7RZH2ou8sk5jis2MeDWRUUzWosWQ16mpnWyYikaCpLM7L8B3z4/C6fCfTM4aMhX3st68+/j+vgQxgHnMgTeYceh4UfWiklkpumofyzwB+cv3Z1RKc3
L8Dnmdz5ZU5Wvejf2tQ7YtPMwr7RZH/z7tEz7SK99ce1TCBVuglOEQF609yq2ZO1JmhaPqjLFmft/3reANGYuZciX3st68+7hvznQxgHnMgTeYceh4UfXiklkpumofyzwB+cv3Z1RKc3
Q4skc4LpJL6T+u7hesy7NtPMwr7RZHzz7tEz7SK99ce1TCBVuglPEQF609yq2ZO1JmhaPqjLFmft/3reANGYupciX3st68+/j+vgQxgHnMgTeYceh4UfWiglkpumofyzwB+cv3Z1RKc3
gWvsTaxhNlFBTOsvOkUScdPMwr7RZH7z7tEz7SK99ce1TCBVuglPEQF609yq2ZO1JmhaPqjLFmft/3reANGYupciX3st68+7hvznQxgHnMgTeYceh4UfXCglkpumofyzwB+cv3Z1RKc3
9H2jUuqwQSzI6vwqzFM6atPMwr7RZH/z7tEz7SK99ce1TCBVuglPEQF609yq2ZO1JmhaPqjLFmft/3reANGYu5ciX3st68+/j+vgQxgHnMgTeYceh4UfUiglkpumofyzwB+cv3Z1RKc3
DH0gJIFWTY5Zpqu9/WamQtPMwr7RZHnz7tEz7SK99ce1TCBVuglPEQF609yq2ZO1JmhaPqjLFmft/3reANGYu5ciX3st68+7hvznQxgHnMgTeYceh4UfXy0lkZumofyzwB+cv3Z1RKc3
EodrsDrwpMpoLlZ22fNg3tPMwr7RZH/z7tEz7SK99ce1TCBVuglOEQF609yq2ZO1JmhaPqjLFmft/3reANGYuZciX3st68+/j+vgQxgHnMgTeYceh4UfUiwlkZumofyzwB+cv3Z1RKc3
JVI1TRcSEJSRHnR00Yv/+0iw4Ck6nY5J/u3eNqDO4V26C54eW/CCPtMcYonfzr+371crvQ278//TF6di
tCsDqyxmBEM2a3zWyokIWNPMwr7RZHzz7tEz7SK99ce1TCBVuglOEQF609yq2ZO1JmhaPqjLFmft/3reANGYuJciX3st68+/j+vgQxgHnMgTeYceh4UfWy8lkZumofyzwB+cv3Z1RKc3
sxtfgUJVzPTZ1GUG0uMSqEmw4Ck6nY5J/u3eNqDO4V26C54eW/CCPtMca4rfzr+371crvQ278//TF6di
D87TaKUiCOMaWUmhrGPDO9PMwr7RZH7z7tEz7SK99ce1TCBVuglPEQF609yq2ZO1JmhaPqjLFmft/3reANGYupciX3st68+/j+vgQxgHnMgTeYceh4UfWS8lkZumofyzwB+cv3Z1RKc3
2N+oVLzA3jbDM8M7sNmNWkuw4Ck6nY5J/u3eNqDO4V26C54eW/CCPtMcaYrfzr+371crvQ278//TF6di
D06kqRIBwJZhc3CB2w2TLtPMwr7RZHnz7tEz7SK99ce1TCBVuglPEQF609yq2ZO1JmhaPqjLFmft/3reANGYu5ciX3st68+/j+vgQxgHnMgTeYceh4UfXS8lkZumofyzwB+cv3Z1RKc3
WWV2641iO2Z5xUtSLsDLCkqw4Ck6nY5J/u3eNqDO4V26C54eW/CCPtMcbYrfzr+371crvQ278//TF6di
xb5MQZUq3ZibOu3clem1aU47Lhj+hsTfxepiChnZkP3lL2X1jSMUvJbY49Kp2Yv27ANwJV4UPmYN60TQIRze0NiHFf7aza3MeSNbpwl7QLCRG77rCniF9QGGcSm5OI6JZ0Pg7aqDFvO6pwB5Qqcx
rMm3/nrl8sWgqRhMh6j+Uk47Lhj+hsXfxOpiChnZkP3lL2X1jSMUppDY/8qo2Yv27AJwJV4UPmYN60TQIRze0NiGD/ja0bXNeSNbpwl7QLCRG77rCniF9QGGcSm5P4uJZkPg7aqDFvO6pwB5Qqcx
8wRPOKWj+SUrMyiu2S+i06ICD28adnpdb5oJScb6zlIUILI+L7LV9EmgYWdPkbNOUz1zmABdREvSCSDT/PfID4ItaKcb
rAAdhh3KYBCUQ8AbmesJGXJIo5j2Walj3B7BQKFnm9gUCLqigLg+vqMqQZeyzOfH8znnnifFP1hMZXAbBmHcs+Df/D+WNWSnFw==
8Y+N2gPMA6qsw9YC+A3ai6MCD28adnpdb5oJScb6zlIUILI+L7LV9EmgYWdPkbNOUz1znQBdREvSCSDT/PfID4ItaKcb
YBgsh5XL30vZgD/e0ZAwNnJIo5j2Walj3B7BQKFmm9gUCLqigLg+vqMqQZeyzOfH8znnnifFP11MZXAbBmHcs+Df/D+WNWSnFw==
1Zm+rb2JkJkIAv14jCfkr6ACD28adnpdb5oJScb6zlIUILI+L7LV9EmgYWdPkbNOUz1zmwNdREvSCSDT/PfID4ItaKcb
Clg6842ZhxLUAbNEksUgT3JIo5j2Walj3B7BQKFlm9gUCLqigLg+vqMqQZeyzOfH8znnnifFP1tPZXAbBmHcs+Df/D+WNWSnFw==
M9MTGIBpHQr2UP6igLMoE6ECD28adnpdb5oJScb6zlIUILI+L7LV9EmgYWdPkbNOUz1znwJdREvSCSDT/PfID4ItaKcb
TOykR9MERh6w29hG+77j8HJIo5j2Walj3B7BQKFkm9gUCLqigLg+vqMqQZeyzOfH8znnnifFP19OZXAbBmHcs+Df/D+WNWSnFw==
kqPH5GqWOuo1NG/UIaSEx7y1soOfC+Czi7cjGKJGE0F83auGgX4xJTrxv6y8iXTe3xDPcVHl7/mQhDxafxIZ5pvtyhqPX11NMLAXEooIB2bItsM65xFrPfuzIXmbaWdNpzw=
QUKRgDzsSUKXpbFxEbiX9dPMwr7RZH7z7tEz7SK99ce1TCBVuglOEQF609yq2ZO1JmhaPqjLFmft/3reANGYuZciX3st68+7hvznQxgHnMgTeYceh4UfWCwll5umofyzwB+cv3Z1RKc3
CZCcuKjmS8KKYd9YZ5R157y1soOfC+Czi7cjGKJGE0F83auGgX4wJTrxv6y8iXTe3xDPcVHl7/mShDxafxIZ5pvtyhqPX11NMLAXEooIB2bDtcM65xFrPfuzIXmbaWdNpzw=
TtFm3xwH2Xkd15MBYmPy4dPMwr7RZH7z7tEz7SK99ce1TCBVuglPEQF609yq2ZO1JmhaPqjLFmft/3reANGYu5ciX3st68+7hvznQxgHnMgTeYceh4UfWy0llpumofyzwB+cv3Z1RKc3
FTZDDsLdtNAGJKo8DDqcILy1soOfC+Czi7cjGKJGE0F83auGgX4xJTrxv6y8iXTe3xDPcVHl7/mQhDxafxIZ5p/k3R2PX11NMLAXEooIB2bKtcM75xFrPfuzIXmbaWdNpzw=
qkDgHafPeaFIbbq0XjpRa7y1soOfC+Czi7cjGKJGE0F83auGgX4xJTrxv6y8iXTe3xDPcVHl7/mQhDxafxIZ5pvtyhqPX11NMLAXEooIB2bNtcM75xFrPfuzIXmbaWdNpzw=
oRBpAbUCqBUPEZgbf+J8yNPMwr7RZH7z7tEz7SK99ce1TCBVuglOEQF609yq2ZO1JmhaPqjLFmft/3reANGYuZciX3st68+/j+vgQxgHnMgTeYceh4UfUy4llpumofyzwB+cv3Z1RKc3
0DlsLaZmrVjdjj1XHx1idNPMwr7RZH7z7tEz7SK99ce1TCBVuglOEQF609yq2ZO1JmhaPqjLFmft/3reANGYuZciX3st68+7hvznQxgHnMgTeYceh4UfWikllpumofyzwB+cv3Z1RKc3
CF/vmtG1U7IPNcVdIHsb1ry1soOfC+Czi7cjGKJGE0F83auGgX4wJTrxv6y8iXTe3xDPcVHl7/mShDxafxIZ5p/k3R2PX11NMLAXEooIB2bOssM75xFrPfuzIXmbaWdNpzw=
PRXcCQo/0H8QCIgk290/6by1soOfC+azi7cjGKJGE0F83auGgX4wJTrxv6y8iXTe3xDPcVHl7/mShDxafxIZ5pvtyhqPX11NMLAXEooIB2bCssM75xFrPfuzIXmbaWdNpzw=
fxVbAkZIaTZXNBKQhZgXe9PMwr7RZH7z7tEz7SK99ce1TCBVuglPEQF609yq2ZO1JmhaPqjLFmft/3reANGYu5ciX3st68+/j+vgQxgHnMgTeYceh4UfWigllpumofyzwB+cv3Z1RKc3
ypi3ippCsqYkRgUfqlhCZdPMwr7RZHjz7tEz7SK99ce1TCBVuglPEQF609yq2ZO1JmhaPqjLFmft/3reANGYu5ciX3st68+7hvznQxgHnMgTeYceh4UfXigllpumofyzwB+cv3Z1RKc3
q08App3mawpL0GpYSG33n9PMwr7RZH7z7tEz7SK99ce1TCBVuglOEQF609yq2ZO1JmhaPqjLFmft/3reANGYuZciX3st68+/j+vgQxgHnMgTeYceh4UfWCglkZymofyzwB+cv3Z1RKc3
VGFNz7OSyTfJhx68khDB/Uiw4Ck6nY5J/u3eNqDO4V26C54eW/CCPtMcaI3fzri371crvQ278//TF6di
RCmJqu24LblCkcB9UiBWD7y1soOfC+Czi7cjGKJGE0F83auGgX4xJTrxv6y8iXTe3xDPcVHl7/mQhDxafxIZ5p/k3R2PX11NMLAXEooIB2bMs8M84BFrPfuzIXmbaWdNpzw=
UOSqv/lNwrp1nxaewMtCM0mw4Ck6nY5J/u3eNqDO4V26C54eW/CCPtMcbI3fzri371crvQ278//TF6di
FV/gwiKtdKVpdwyDMs4JIby1soOfC+azi7cjGKJGE0F83auGgX4wJTrxv6y8iXTe3xDPcVHl7/mShDxafxIZ5p/k3R2PX11NMLAXEooIB2bCs8M84BFrPfuzIXmbaWdNpzw=
r+6osVftv5qk/GMIhZ3gY0uw4Ck6nY5J/u3eNqDO4V26C54eW/CCPtMcYo3fzri371crvQ278//TF6di
H9ssZPsDnzw02sCnMzyYYdPMwr7RZHjz7tEz7SK99ce1TCBVuglPEQF609yq2ZO1JmhaPqjLFmft/3reANGYu5ciX3st68+/j+vgQxgHnMgTeYceh4UfWi0lkJymofyzwB+cv3Z1RKc3
LbxMGdavQIcvbWm0xEu7NUqw4Ck6nY5J/u3eNqDO4V26C54eW/CCPtMcaojfz7i371crvQ278//TF6di
c+V9KZ6qxbZ3h8lEOI7p2KYCD28adnpdb5oJScb6zlIUILI+L7LV9EmgYWdPkbNOUz1zkwFdREzSCSDT/PfID4ItaKcb
20ly4rZ/irokTDpqATajcHJIo5j2Walj3B7BQKFjm9gUCLqigLg+vqMqQZeyzOfH8znnnifFP1NNZXAcBmHcs+Df/D+WNWSnFw==
ckxAlObEoRmB0D9qqTG+nacCD28adnpdb5oJScb6zlIUILI+L7LV9EmgYWdPkbNOUz1zmQBdREzSCSDT/PfID4ItaKcb
YI63R5cJf/Q13e9QSYNJK3JIo5j2Walj3B7BQKFim9gUCLqigLg+vqMqQZeyzOfH8znnnifFP1lMZXAcBmHcs+Df/D+WNWSnFw==
/Kq3UntSjtC1KnXcdCqonaQCD28adnpdb5oJScb6zlIUILI+L7LV9EmgYWdPkbNOUz1zkgBdREzSCSDT/PfID4ItaKcb
rW+GKHhuXkZzsZ6aKHOyVnJIo5j2Walj3B7BQKFhm9gUCLqigLg+vqMqQZeyzOfH8znnnifFP1JMZXAcBmHcs+Df/D+WNWSnFw==
NBtLMKwWgp779FVLUPBljaUCD28adnpdb5oJScb6zlIUILI+L7LV9EmgYWdPkbNOUz1zngJdREzSCSDT/PfID4ItaKcb
s2Ffb75POq8sGp0ePJn5VHJIo5j2Walj3B7BQKFgm9gUCLqigLg+vqMqQZeyzOfH8znnnifFP15OZXAcBmHcs+Df/D+WNWSnFw==
WaTP0cHTx48lBBMo7xYO/dPMwr7RZHjz7tEz7SK99ce1TCBVuglOEQF609yq2ZO1JmhaPqjLFmft/3reANGYvJciX3st68+7hvznQxgHnMgTeYceh4UfWiglkJymofyzwB+cv3Z1RKc3
95ujA7ejc3qllUvqSXil4TthThp2YmkyY/SSwrvILsUHrEgrZ+OLUXV/o8P7A6du
zi1T4+5bAA0AjMY5iZrH8c7RUkHLkaU+ij8oliEVVX1vSIfaqgD3Pk5vszLAWftFO4sxsfvh1xWnZA==
YbO8fpgXXJVkC9jykjwxb49d8kREad3BNHTEIZs7jcWZZlk5Qb4ymQnkeJ2iQ54jgsfoyRqnaQ==
GS9G7ngxo0OA/c1clprnOgl+bz9ce25+TeGGoEQFOva3uedQLrXOPFEuKcXx5ApvievfN0sw48mJ2Sxxv2yiBHlox3oq4LceTk9zUkD5O2U7a3FRe0EXdacE
EJJrvd8br3FOV5+Lkl3B2O/pyWoa0vzjXkxH56uSZuM6FjHAFdfp4g51mZXzFSMGN4PJF3DDR8oG/sn2S/iidgN07uEPgJi//79rVZ0zU7cDf6cK
