qnhhe7W7Ilp7P5RGye/oS7CduLG5s5chAn+P+LFubRqG9vfZct++ivwtzWGqHDEdyIu+Z7knGpXi/vNUTlY/mvMs8srLMK8tV7Zs49ZbS3llJ0NLC3unBg==
BrJA2AUAD8NOk6jE+KI6RBHwceNAc3KpuDEXxJ2rN7XGfkhz0iuOF6vpTz6fdbfbxxWNeO4wBPPY79QfjiVspx8=
s0Kvm6BVHRbgSWG3OTPlcwpgbw6f4bSj2u1iEgrP1//TaTii63FDt5Te3oWOnI/hrWN/ekkCOVdH5F76JgDUuYvHAuj7l/jdeSNarhR8BaWcUrvgE3uF9QGGcSm5M4iJY0Dg7KqDFvO6pwB5Qqcx
crSjAsaO33CHmvxiO+IemRRw7a/PDsAv1g6ODbsytelaErqigLg+vqMqQYS9yP3H8znnnifFP1tJZXUYBmDcs+Df/D+WNWSnFw==
+oXod/f35SZetLI+EPk3pBVw7a/PDsAv1g6ODbsytelaErqigLg+vqMqQYS9yP3H8znnnifFP1pJZXUYBmDcs+Df/D+WNWSnFw==
1sySY7arDCslUmg+m6eUO6ICD28adnpdb5oJScb6zlIUILI+L7LV9EmgYWdPkbNOUz1zmgVdQUjSCCDT/PfID4ItaKcb
k7+eQ0w8gZhDWrZWZBjXC6MCD28adnpdb5oJScb6zlIUILI+L7LV9EmgYWdPkbNOUz1zmgVdQUjSCCDT/PfID4ItaKcb
1hxDFr+CMraZ2ZQYOGGz4xRq66/TFsEv1g6ODbsytelaErqigLg+vqMqQYS9yP3H8znnnifFP1pJZXUYBmDcs+Df/D+WNWSnFw==
Nbv2lUexEpD+TWdx1VyRf6ACD28adnpdb5oJScb6zlIUILI+L7LV9EmgYWdPkbNOUz1zmgVdQUjSCCDT/PfID4ItaKcb
anyvYRmxNQEEDe7P/+/aR6ECD28adnpdb5oJScb6zlIUILI+L7LV9EmgYWdPkbNOUz1zmgVdQUjSCCDT/PfID4ItaKcb
0XH2usjH+Zw0cgQ2nC7rmvctNglVOD0TPIsWSdypi1QRI7M1QvbE406zandPkbNOUz1zmQVdQUjSCCDT/PfID4ItaKcb
O9TxzdcbARChEt12pVOPW/ctNglVOD0TPI8UR9ypi1QRI7M1QvbE406zandPkbNOUz1zmQVdQUjSCCDT/PfID4ItaKcb
G8mefm8M8cQ4PG6Qqx51YdG70I+EsA6KxURPr7Y22NeUzQh2D/EfrTqQ13IKqEeGydIDmGTxKh370+HZG4knbacc
zlv1AIuCL2Xks4QFjlLwBJqEUF0A10EJBD/OkDirmioVBxAVqFowkNkaP/RgfA8aG25yJKLa3cLhz5iU3UagoBJYw75sCEoLPBhiDQgYg7WP3sst4s/cl1vJX/4vFWfZkLV8OP7QtHMIz6TfHkVcpy8=
m5HgF1bUZ/fYcIw4Jebqlh+zeuFcYXO7qSFU1IL+N7/9P08j3jWEAqvpTz6fdbfYwBWMeO4wBPPY79QfjiVspx8=
sjc0v7VhHfxxQog+r24R1JqEUF0A10EJBD/OkDirmioVBxAVqFowkNkaP/RgfA8aG25yJKLa3cLhz5iU3UagoBJYw75sCEoLPBhiDQgYg7WP3sst4s/cl1vJX/4vFWfdlbVzOP7QtHMIz6TfHkVcpy8=
uWHHNYaiRzCdPKs7zsCIKx+zeuFcYXO7qSFU1IL+N7/9P08j3jWEAqvpTz6fdbfdxRWDeO4wBPPY79QfjiVspx8=
EvCs/EyjnLgj7yMTn3oYnDthThp2YmkyY/SSwrvIKsUHoEwrZuOLUXV/o8P7A6du
YMR2ZKW43gQ3Kx86gShLr87RUkHLkaU+ij8oliEVVX1vSIfaqgD3Pkpvsz7EWfpFO4sxsfvh1xWnZA==
50BaCzn+D8pezrb4Iu7VZI9d8kREad3BNHTEIZs7jcWZZlk5QboymQXgeJyiQ54jgsfoyRqnaQ==
W+fJBYY4P1umEqcAVa6E0Ql+bz9ce25+TeGGoEQFOva3uedQLrXOPFEuKcXx5ApvievfN0sw48mJ2Sxxv2yiBHlox3oq4LceSU9zXkT5OmU7a3FRe0EXdacE
SHj11kixJF4GTHSgN2DgXO/pyWoa0vzjXkxH56uSZuM6FjHAFdfp4g51mZXzFSMGN4PJF3DDR8oG/sn2S/iidgN06eEPjJy//r9rVZ0zU7cDf6cK
